#
# There is insufficient memory for the Java Runtime Environment to continue.
# Native memory allocation (malloc) failed to allocate 2236336 bytes for Chunk::new
# Possible reasons:
#   The system is out of physical RAM or swap space
#   The process is running with CompressedOops enabled, and the Java Heap may be blocking the growth of the native heap
# Possible solutions:
#   Reduce memory load on the system
#   Increase physical memory or swap space
#   Check if swap backing store is full
#   Decrease Java heap size (-Xmx/-Xms)
#   Decrease number of Java threads
#   Decrease Java thread stack sizes (-Xss)
#   Set larger code cache with -XX:ReservedCodeCacheSize=
#   JVM is running with Unscaled Compressed Oops mode in which the Java heap is
#     placed in the first 4GB address space. The Java Heap base address is the
#     maximum limit for the native heap growth. Please use -XX:HeapBaseMinAddress
#     to set the Java Heap base and to place the Java Heap above 4GB virtual address.
# This output file may be truncated or incomplete.
#
#  Out of Memory Error (./src/hotspot/share/memory/arena.cpp:197), pid=8424, tid=5236
#
# JRE version: OpenJDK Runtime Environment 18.9 (11.0.15+10) (build 11.0.15+10)
# Java VM: OpenJDK 64-Bit Server VM 18.9 (11.0.15+10, mixed mode, tiered, compressed oops, g1 gc, windows-amd64)
# No core dump will be written. Minidumps are not enabled by default on client versions of Windows
#

---------------  S U M M A R Y ------------

Command Line: -XX:MaxMetaspaceSize=512m --add-opens=java.base/java.util=ALL-UNNAMED --add-opens=java.base/java.lang=ALL-UNNAMED --add-opens=java.base/java.lang.invoke=ALL-UNNAMED --add-opens=java.base/java.util=ALL-UNNAMED --add-opens=java.prefs/java.util.prefs=ALL-UNNAMED --add-opens=java.prefs/java.util.prefs=ALL-UNNAMED --add-opens=java.base/java.nio.charset=ALL-UNNAMED --add-opens=java.base/java.net=ALL-UNNAMED --add-opens=java.base/java.util.concurrent.atomic=ALL-UNNAMED -Xmx2048m -Dfile.encoding=windows-1252 -Duser.country=US -Duser.language=en -Duser.variant org.gradle.launcher.daemon.bootstrap.GradleDaemon 7.3.3

Host: 11th Gen Intel(R) Core(TM) i5-1135G7 @ 2.40GHz, 8 cores, 7G,  Windows 11 , 64 bit Build 22000 (10.0.22000.434)
Time: Tue Sep 20 16:00:54 2022 SE Asia Standard Time elapsed time: 8.451208 seconds (0d 0h 0m 8s)

---------------  T H R E A D  ---------------

Current thread (0x000002771bb82000):  JavaThread "C2 CompilerThread0" daemon [_thread_in_native, id=5236, stack(0x0000009f1af00000,0x0000009f1b000000)]


Current CompileTask:
C2:   8451 3668       4       org.codehaus.groovy.runtime.metaclass.MetaMethodIndex::addMethodToList (131 bytes)

Stack: [0x0000009f1af00000,0x0000009f1b000000]
Native frames: (J=compiled Java code, j=interpreted, Vv=VM code, C=native code)
V  [jvm.dll+0x64dd3a]
V  [jvm.dll+0x7906c9]
V  [jvm.dll+0x791d9c]
V  [jvm.dll+0x792463]
V  [jvm.dll+0x265048]
V  [jvm.dll+0xc9da1]
V  [jvm.dll+0xca35c]
V  [jvm.dll+0x37c122]
V  [jvm.dll+0x347153]
V  [jvm.dll+0x34647a]
V  [jvm.dll+0x21e085]
V  [jvm.dll+0x21d25a]
V  [jvm.dll+0x19dd21]
V  [jvm.dll+0x22cc80]
V  [jvm.dll+0x22af81]
V  [jvm.dll+0x75254c]
V  [jvm.dll+0x74b12d]
V  [jvm.dll+0x64c8a6]
C  [ucrtbase.dll+0x26c0c]
C  [KERNEL32.DLL+0x154e0]
C  [ntdll.dll+0x485b]


---------------  P R O C E S S  ---------------

Threads class SMR info:
_java_thread_list=0x00000277207bdde0, length=32, elements={
0x000002777aa73000, 0x000002771bb5a000, 0x000002771bb65000, 0x000002771bb79800,
0x000002771bb7c800, 0x000002771bb7e000, 0x000002771bb82000, 0x000002771bb83000,
0x000002771bb84800, 0x000002771c63f800, 0x000002771e448000, 0x000002771e48e000,
0x000002771e4cb800, 0x000002771e4a7000, 0x000002771de5b000, 0x000002771e040800,
0x000002771d99f800, 0x000002771dfbe000, 0x000002771dfb9000, 0x000002771da36800,
0x000002771e425000, 0x000002771e426000, 0x000002771e422800, 0x000002771e426800,
0x000002771e421000, 0x000002771e89d000, 0x000002771e89d800, 0x000002771e89e800,
0x000002771e89f000, 0x000002771e89a800, 0x000002771e89b000, 0x000002771e8a1000
}

Java Threads: ( => current thread )
  0x000002777aa73000 JavaThread "main" [_thread_blocked, id=13400, stack(0x0000009f1a300000,0x0000009f1a400000)]
  0x000002771bb5a000 JavaThread "Reference Handler" daemon [_thread_blocked, id=21512, stack(0x0000009f1aa00000,0x0000009f1ab00000)]
  0x000002771bb65000 JavaThread "Finalizer" daemon [_thread_blocked, id=8664, stack(0x0000009f1ab00000,0x0000009f1ac00000)]
  0x000002771bb79800 JavaThread "Signal Dispatcher" daemon [_thread_blocked, id=3436, stack(0x0000009f1ac00000,0x0000009f1ad00000)]
  0x000002771bb7c800 JavaThread "Attach Listener" daemon [_thread_blocked, id=21892, stack(0x0000009f1ad00000,0x0000009f1ae00000)]
  0x000002771bb7e000 JavaThread "Service Thread" daemon [_thread_blocked, id=8968, stack(0x0000009f1ae00000,0x0000009f1af00000)]
=>0x000002771bb82000 JavaThread "C2 CompilerThread0" daemon [_thread_in_native, id=5236, stack(0x0000009f1af00000,0x0000009f1b000000)]
  0x000002771bb83000 JavaThread "C1 CompilerThread0" daemon [_thread_blocked, id=11204, stack(0x0000009f1b000000,0x0000009f1b100000)]
  0x000002771bb84800 JavaThread "Sweeper thread" daemon [_thread_blocked, id=17764, stack(0x0000009f1b100000,0x0000009f1b200000)]
  0x000002771c63f800 JavaThread "Common-Cleaner" daemon [_thread_blocked, id=15056, stack(0x0000009f1b200000,0x0000009f1b300000)]
  0x000002771e448000 JavaThread "Daemon health stats" [_thread_blocked, id=21520, stack(0x0000009f1b500000,0x0000009f1b600000)]
  0x000002771e48e000 JavaThread "Incoming local TCP Connector on port 60348" [_thread_in_native, id=21516, stack(0x0000009f1b600000,0x0000009f1b700000)]
  0x000002771e4cb800 JavaThread "Daemon periodic checks" [_thread_blocked, id=21708, stack(0x0000009f1b700000,0x0000009f1b800000)]
  0x000002771e4a7000 JavaThread "Daemon" [_thread_blocked, id=22004, stack(0x0000009f1b800000,0x0000009f1b900000)]
  0x000002771de5b000 JavaThread "Handler for socket connection from /127.0.0.1:60348 to /127.0.0.1:60349" [_thread_in_native, id=19940, stack(0x0000009f1b900000,0x0000009f1ba00000)]
  0x000002771e040800 JavaThread "Cancel handler" [_thread_blocked, id=18020, stack(0x0000009f1ba00000,0x0000009f1bb00000)]
  0x000002771d99f800 JavaThread "Daemon worker" [_thread_in_Java, id=10144, stack(0x0000009f1bb00000,0x0000009f1bc00000)]
  0x000002771dfbe000 JavaThread "Asynchronous log dispatcher for DefaultDaemonConnection: socket connection from /127.0.0.1:60348 to /127.0.0.1:60349" [_thread_blocked, id=6824, stack(0x0000009f1bc00000,0x0000009f1bd00000)]
  0x000002771dfb9000 JavaThread "Stdin handler" [_thread_blocked, id=21968, stack(0x0000009f1bd00000,0x0000009f1be00000)]
  0x000002771da36800 JavaThread "Daemon client event forwarder" [_thread_blocked, id=21780, stack(0x0000009f1be00000,0x0000009f1bf00000)]
  0x000002771e425000 JavaThread "Cache worker for journal cache (C:\Users\Dell\.gradle\caches\journal-1)" [_thread_blocked, id=9604, stack(0x0000009f1c500000,0x0000009f1c600000)]
  0x000002771e426000 JavaThread "File lock request listener" [_thread_in_native, id=21856, stack(0x0000009f1c600000,0x0000009f1c700000)]
  0x000002771e422800 JavaThread "Cache worker for file hash cache (C:\Users\Dell\.gradle\caches\7.3.3\fileHashes)" [_thread_blocked, id=13384, stack(0x0000009f1c700000,0x0000009f1c800000)]
  0x000002771e426800 JavaThread "File watcher server" daemon [_thread_in_native, id=13136, stack(0x0000009f1ca00000,0x0000009f1cb00000)]
  0x000002771e421000 JavaThread "File watcher consumer" daemon [_thread_blocked, id=18892, stack(0x0000009f1cb00000,0x0000009f1cc00000)]
  0x000002771e89d000 JavaThread "Cache worker for execution history cache (C:\Users\Dell\.gradle\caches\7.3.3\executionHistory)" [_thread_blocked, id=22152, stack(0x0000009f1cf00000,0x0000009f1d000000)]
  0x000002771e89d800 JavaThread "jar transforms" [_thread_blocked, id=17016, stack(0x0000009f1d000000,0x0000009f1d100000)]
  0x000002771e89e800 JavaThread "jar transforms Thread 2" [_thread_blocked, id=21136, stack(0x0000009f1d100000,0x0000009f1d200000)]
  0x000002771e89f000 JavaThread "Cache worker for file content cache (C:\Users\Dell\.gradle\caches\7.3.3\fileContent)" [_thread_blocked, id=16152, stack(0x0000009f1d200000,0x0000009f1d300000)]
  0x000002771e89a800 JavaThread "jar transforms Thread 3" [_thread_blocked, id=16452, stack(0x0000009f1d300000,0x0000009f1d400000)]
  0x000002771e89b000 JavaThread "jar transforms Thread 4" [_thread_blocked, id=9328, stack(0x0000009f1d400000,0x0000009f1d500000)]
  0x000002771e8a1000 JavaThread "DisconnectableInputStream source reader" daemon [_thread_blocked, id=12708, stack(0x0000009f1cd00000,0x0000009f1ce00000)]

Other Threads:
  0x000002771bb58000 VMThread "VM Thread" [stack: 0x0000009f1a900000,0x0000009f1aa00000] [id=11068]
  0x000002771c67b000 WatcherThread [stack: 0x0000009f1b300000,0x0000009f1b400000] [id=9632]
  0x000002777aa8a800 GCTaskThread "GC Thread#0" [stack: 0x0000009f1a400000,0x0000009f1a500000] [id=9568]
  0x000002771d100800 GCTaskThread "GC Thread#1" [stack: 0x0000009f1b400000,0x0000009f1b500000] [id=20076]
  0x000002771e488000 GCTaskThread "GC Thread#2" [stack: 0x0000009f1bf00000,0x0000009f1c000000] [id=21704]
  0x000002771e2f5000 GCTaskThread "GC Thread#3" [stack: 0x0000009f1c000000,0x0000009f1c100000] [id=4272]
  0x000002771e5ca800 GCTaskThread "GC Thread#4" [stack: 0x0000009f1c100000,0x0000009f1c200000] [id=6888]
  0x000002771e5cb000 GCTaskThread "GC Thread#5" [stack: 0x0000009f1c200000,0x0000009f1c300000] [id=7988]
  0x000002771e5cb800 GCTaskThread "GC Thread#6" [stack: 0x0000009f1c300000,0x0000009f1c400000] [id=22168]
  0x000002771e2ea000 GCTaskThread "GC Thread#7" [stack: 0x0000009f1c400000,0x0000009f1c500000] [id=20556]
  0x000002777aabe800 ConcurrentGCThread "G1 Main Marker" [stack: 0x0000009f1a500000,0x0000009f1a600000] [id=18612]
  0x000002777aabf800 ConcurrentGCThread "G1 Conc#0" [stack: 0x0000009f1a600000,0x0000009f1a700000] [id=21528]
  0x000002771e610000 ConcurrentGCThread "G1 Conc#1" [stack: 0x0000009f1c800000,0x0000009f1c900000] [id=8416]
  0x000002777ab4e800 ConcurrentGCThread "G1 Refine#0" [stack: 0x0000009f1a700000,0x0000009f1a800000] [id=20256]
  0x000002771b9c2800 ConcurrentGCThread "G1 Young RemSet Sampling" [stack: 0x0000009f1a800000,0x0000009f1a900000] [id=7692]

Threads with active compile tasks:
C2 CompilerThread0     8615 3668       4       org.codehaus.groovy.runtime.metaclass.MetaMethodIndex::addMethodToList (131 bytes)

VM state:not at safepoint (normal execution)

VM Mutex/Monitor currently owned by a thread:  ([mutex/lock_event])
[0x000002777aa6fcc0] SystemDictionary_lock - owner thread: 0x000002771d99f800

Heap address: 0x0000000080000000, size: 2048 MB, Compressed Oops mode: 32-bit
Narrow klass base: 0x0000000000000000, Narrow klass shift: 3
Compressed class space size: 528482304 Address: 0x0000000100000000

Heap:
 garbage-first heap   total 126976K, used 59396K [0x0000000080000000, 0x0000000100000000)
  region size 1024K, 39 young (39936K), 6 survivors (6144K)
 Metaspace       used 41313K, capacity 42322K, committed 42448K, reserved 555008K
  class space    used 5133K, capacity 5503K, committed 5504K, reserved 516096K
Heap Regions: E=young(eden), S=young(survivor), O=old, HS=humongous(starts), HC=humongous(continues), CS=collection set, F=free, A=archive, TAMS=top-at-mark-start (previous, next)
|   0|0x0000000080000000, 0x0000000080100000, 0x0000000080100000|100%| O|  |TAMS 0x0000000080100000, 0x0000000080000000| Untracked 
|   1|0x0000000080100000, 0x0000000080200000, 0x0000000080200000|100%| O|  |TAMS 0x0000000080200000, 0x0000000080100000| Untracked 
|   2|0x0000000080200000, 0x0000000080300000, 0x0000000080300000|100%| O|  |TAMS 0x0000000080300000, 0x0000000080200000| Untracked 
|   3|0x0000000080300000, 0x0000000080400000, 0x0000000080400000|100%|HS|  |TAMS 0x0000000080400000, 0x0000000080300000| Complete 
|   4|0x0000000080400000, 0x0000000080500000, 0x0000000080500000|100%|HC|  |TAMS 0x0000000080500000, 0x0000000080400000| Complete 
|   5|0x0000000080500000, 0x0000000080600000, 0x0000000080600000|100%|HC|  |TAMS 0x0000000080600000, 0x0000000080500000| Complete 
|   6|0x0000000080600000, 0x0000000080700000, 0x0000000080700000|100%| O|  |TAMS 0x0000000080700000, 0x0000000080600000| Untracked 
|   7|0x0000000080700000, 0x0000000080800000, 0x0000000080800000|100%| O|  |TAMS 0x0000000080800000, 0x0000000080700000| Untracked 
|   8|0x0000000080800000, 0x0000000080900000, 0x0000000080900000|100%| O|  |TAMS 0x0000000080900000, 0x0000000080800000| Untracked 
|   9|0x0000000080900000, 0x0000000080a00000, 0x0000000080a00000|100%| O|  |TAMS 0x0000000080a00000, 0x0000000080900000| Untracked 
|  10|0x0000000080a00000, 0x0000000080b00000, 0x0000000080b00000|100%| O|  |TAMS 0x0000000080b00000, 0x0000000080a00000| Untracked 
|  11|0x0000000080b00000, 0x0000000080c00000, 0x0000000080c00000|100%| O|  |TAMS 0x0000000080c00000, 0x0000000080b00000| Untracked 
|  12|0x0000000080c00000, 0x0000000080d00000, 0x0000000080d00000|100%| O|  |TAMS 0x0000000080d00000, 0x0000000080c00000| Untracked 
|  13|0x0000000080d00000, 0x0000000080e00000, 0x0000000080e00000|100%| O|  |TAMS 0x0000000080e00000, 0x0000000080d00000| Untracked 
|  14|0x0000000080e00000, 0x0000000080f00000, 0x0000000080f00000|100%| O|  |TAMS 0x0000000080f00000, 0x0000000080e00000| Untracked 
|  15|0x0000000080f00000, 0x0000000081000000, 0x0000000081000000|100%| O|  |TAMS 0x0000000081000000, 0x0000000080f00000| Untracked 
|  16|0x0000000081000000, 0x0000000081100000, 0x0000000081100000|100%| O|  |TAMS 0x000000008103a000, 0x0000000081000000| Untracked 
|  17|0x0000000081100000, 0x0000000081100000, 0x0000000081200000|  0%| F|  |TAMS 0x0000000081100000, 0x0000000081100000| Untracked 
|  18|0x0000000081200000, 0x0000000081200000, 0x0000000081300000|  0%| F|  |TAMS 0x0000000081200000, 0x0000000081200000| Untracked 
|  19|0x0000000081300000, 0x0000000081300000, 0x0000000081400000|  0%| F|  |TAMS 0x0000000081300000, 0x0000000081300000| Untracked 
|  20|0x0000000081400000, 0x0000000081500000, 0x0000000081500000|100%| O|  |TAMS 0x0000000081400000, 0x0000000081400000| Untracked 
|  21|0x0000000081500000, 0x0000000081600000, 0x0000000081600000|100%| O|  |TAMS 0x0000000081500000, 0x0000000081500000| Untracked 
|  22|0x0000000081600000, 0x0000000081700000, 0x0000000081700000|100%| O|  |TAMS 0x0000000081600000, 0x0000000081600000| Untracked 
|  23|0x0000000081700000, 0x0000000081707600, 0x0000000081800000|  2%| O|  |TAMS 0x0000000081700000, 0x0000000081700000| Untracked 
|  24|0x0000000081800000, 0x0000000081800000, 0x0000000081900000|  0%| F|  |TAMS 0x0000000081800000, 0x0000000081800000| Untracked 
|  25|0x0000000081900000, 0x0000000081900000, 0x0000000081a00000|  0%| F|  |TAMS 0x0000000081900000, 0x0000000081900000| Untracked 
|  26|0x0000000081a00000, 0x0000000081a00000, 0x0000000081b00000|  0%| F|  |TAMS 0x0000000081a00000, 0x0000000081a00000| Untracked 
|  27|0x0000000081b00000, 0x0000000081b00000, 0x0000000081c00000|  0%| F|  |TAMS 0x0000000081b00000, 0x0000000081b00000| Untracked 
|  28|0x0000000081c00000, 0x0000000081c00000, 0x0000000081d00000|  0%| F|  |TAMS 0x0000000081c00000, 0x0000000081c00000| Untracked 
|  29|0x0000000081d00000, 0x0000000081d00000, 0x0000000081e00000|  0%| F|  |TAMS 0x0000000081d00000, 0x0000000081d00000| Untracked 
|  30|0x0000000081e00000, 0x0000000081e00000, 0x0000000081f00000|  0%| F|  |TAMS 0x0000000081e00000, 0x0000000081e00000| Untracked 
|  31|0x0000000081f00000, 0x0000000081f00000, 0x0000000082000000|  0%| F|  |TAMS 0x0000000081f00000, 0x0000000081f00000| Untracked 
|  32|0x0000000082000000, 0x0000000082000000, 0x0000000082100000|  0%| F|  |TAMS 0x0000000082000000, 0x0000000082000000| Untracked 
|  33|0x0000000082100000, 0x0000000082100000, 0x0000000082200000|  0%| F|  |TAMS 0x0000000082100000, 0x0000000082100000| Untracked 
|  34|0x0000000082200000, 0x0000000082200000, 0x0000000082300000|  0%| F|  |TAMS 0x0000000082200000, 0x0000000082200000| Untracked 
|  35|0x0000000082300000, 0x0000000082300000, 0x0000000082400000|  0%| F|  |TAMS 0x0000000082300000, 0x0000000082300000| Untracked 
|  36|0x0000000082400000, 0x0000000082400000, 0x0000000082500000|  0%| F|  |TAMS 0x0000000082400000, 0x0000000082400000| Untracked 
|  37|0x0000000082500000, 0x0000000082500000, 0x0000000082600000|  0%| F|  |TAMS 0x0000000082500000, 0x0000000082500000| Untracked 
|  38|0x0000000082600000, 0x0000000082600000, 0x0000000082700000|  0%| F|  |TAMS 0x0000000082600000, 0x0000000082600000| Untracked 
|  39|0x0000000082700000, 0x0000000082700000, 0x0000000082800000|  0%| F|  |TAMS 0x0000000082700000, 0x0000000082700000| Untracked 
|  40|0x0000000082800000, 0x0000000082800000, 0x0000000082900000|  0%| F|  |TAMS 0x0000000082800000, 0x0000000082800000| Untracked 
|  41|0x0000000082900000, 0x0000000082900000, 0x0000000082a00000|  0%| F|  |TAMS 0x0000000082900000, 0x0000000082900000| Untracked 
|  42|0x0000000082a00000, 0x0000000082a00000, 0x0000000082b00000|  0%| F|  |TAMS 0x0000000082a00000, 0x0000000082a00000| Untracked 
|  43|0x0000000082b00000, 0x0000000082b00000, 0x0000000082c00000|  0%| F|  |TAMS 0x0000000082b00000, 0x0000000082b00000| Untracked 
|  44|0x0000000082c00000, 0x0000000082c00000, 0x0000000082d00000|  0%| F|  |TAMS 0x0000000082c00000, 0x0000000082c00000| Untracked 
|  45|0x0000000082d00000, 0x0000000082d00000, 0x0000000082e00000|  0%| F|  |TAMS 0x0000000082d00000, 0x0000000082d00000| Untracked 
|  46|0x0000000082e00000, 0x0000000082e00000, 0x0000000082f00000|  0%| F|  |TAMS 0x0000000082e00000, 0x0000000082e00000| Untracked 
|  47|0x0000000082f00000, 0x0000000082f00000, 0x0000000083000000|  0%| F|  |TAMS 0x0000000082f00000, 0x0000000082f00000| Untracked 
|  48|0x0000000083000000, 0x0000000083000000, 0x0000000083100000|  0%| F|  |TAMS 0x0000000083000000, 0x0000000083000000| Untracked 
|  49|0x0000000083100000, 0x0000000083100000, 0x0000000083200000|  0%| F|  |TAMS 0x0000000083100000, 0x0000000083100000| Untracked 
|  50|0x0000000083200000, 0x0000000083200000, 0x0000000083300000|  0%| F|  |TAMS 0x0000000083200000, 0x0000000083200000| Untracked 
|  51|0x0000000083300000, 0x0000000083300000, 0x0000000083400000|  0%| F|  |TAMS 0x0000000083300000, 0x0000000083300000| Untracked 
|  52|0x0000000083400000, 0x0000000083400000, 0x0000000083500000|  0%| F|  |TAMS 0x0000000083400000, 0x0000000083400000| Untracked 
|  53|0x0000000083500000, 0x0000000083500000, 0x0000000083600000|  0%| F|  |TAMS 0x0000000083500000, 0x0000000083500000| Untracked 
|  54|0x0000000083600000, 0x0000000083600000, 0x0000000083700000|  0%| F|  |TAMS 0x0000000083600000, 0x0000000083600000| Untracked 
|  55|0x0000000083700000, 0x0000000083700000, 0x0000000083800000|  0%| F|  |TAMS 0x0000000083700000, 0x0000000083700000| Untracked 
|  56|0x0000000083800000, 0x0000000083800000, 0x0000000083900000|  0%| F|  |TAMS 0x0000000083800000, 0x0000000083800000| Untracked 
|  57|0x0000000083900000, 0x0000000083900000, 0x0000000083a00000|  0%| F|  |TAMS 0x0000000083900000, 0x0000000083900000| Untracked 
|  58|0x0000000083a00000, 0x0000000083a00000, 0x0000000083b00000|  0%| F|  |TAMS 0x0000000083a00000, 0x0000000083a00000| Untracked 
|  59|0x0000000083b00000, 0x0000000083b00000, 0x0000000083c00000|  0%| F|  |TAMS 0x0000000083b00000, 0x0000000083b00000| Untracked 
|  60|0x0000000083c00000, 0x0000000083c00000, 0x0000000083d00000|  0%| F|  |TAMS 0x0000000083c00000, 0x0000000083c00000| Untracked 
|  61|0x0000000083d00000, 0x0000000083d00000, 0x0000000083e00000|  0%| F|  |TAMS 0x0000000083d00000, 0x0000000083d00000| Untracked 
|  62|0x0000000083e00000, 0x0000000083e00000, 0x0000000083f00000|  0%| F|  |TAMS 0x0000000083e00000, 0x0000000083e00000| Untracked 
|  63|0x0000000083f00000, 0x0000000083f00000, 0x0000000084000000|  0%| F|  |TAMS 0x0000000083f00000, 0x0000000083f00000| Untracked 
|  64|0x0000000084000000, 0x0000000084000000, 0x0000000084100000|  0%| F|  |TAMS 0x0000000084000000, 0x0000000084000000| Untracked 
|  65|0x0000000084100000, 0x0000000084100000, 0x0000000084200000|  0%| F|  |TAMS 0x0000000084100000, 0x0000000084100000| Untracked 
|  66|0x0000000084200000, 0x00000000842f9c18, 0x0000000084300000| 97%| S|CS|TAMS 0x0000000084200000, 0x0000000084200000| Complete 
|  67|0x0000000084300000, 0x0000000084400000, 0x0000000084400000|100%| S|CS|TAMS 0x0000000084300000, 0x0000000084300000| Complete 
|  68|0x0000000084400000, 0x0000000084500000, 0x0000000084500000|100%| S|CS|TAMS 0x0000000084400000, 0x0000000084400000| Complete 
|  69|0x0000000084500000, 0x0000000084600000, 0x0000000084600000|100%| S|CS|TAMS 0x0000000084500000, 0x0000000084500000| Complete 
|  70|0x0000000084600000, 0x0000000084700000, 0x0000000084700000|100%| S|CS|TAMS 0x0000000084600000, 0x0000000084600000| Complete 
|  71|0x0000000084700000, 0x0000000084800000, 0x0000000084800000|100%| S|CS|TAMS 0x0000000084700000, 0x0000000084700000| Complete 
|  72|0x0000000084800000, 0x0000000084800000, 0x0000000084900000|  0%| F|  |TAMS 0x0000000084800000, 0x0000000084800000| Untracked 
|  73|0x0000000084900000, 0x0000000084900000, 0x0000000084a00000|  0%| F|  |TAMS 0x0000000084900000, 0x0000000084900000| Untracked 
|  74|0x0000000084a00000, 0x0000000084a00000, 0x0000000084b00000|  0%| F|  |TAMS 0x0000000084a00000, 0x0000000084a00000| Untracked 
|  75|0x0000000084b00000, 0x0000000084b00000, 0x0000000084c00000|  0%| F|  |TAMS 0x0000000084b00000, 0x0000000084b00000| Untracked 
|  76|0x0000000084c00000, 0x0000000084c00000, 0x0000000084d00000|  0%| F|  |TAMS 0x0000000084c00000, 0x0000000084c00000| Untracked 
|  77|0x0000000084d00000, 0x0000000084d00000, 0x0000000084e00000|  0%| F|  |TAMS 0x0000000084d00000, 0x0000000084d00000| Untracked 
|  78|0x0000000084e00000, 0x0000000084e00000, 0x0000000084f00000|  0%| F|  |TAMS 0x0000000084e00000, 0x0000000084e00000| Untracked 
|  79|0x0000000084f00000, 0x0000000084f00000, 0x0000000085000000|  0%| F|  |TAMS 0x0000000084f00000, 0x0000000084f00000| Untracked 
|  80|0x0000000085000000, 0x0000000085000000, 0x0000000085100000|  0%| F|  |TAMS 0x0000000085000000, 0x0000000085000000| Untracked 
|  81|0x0000000085100000, 0x0000000085100000, 0x0000000085200000|  0%| F|  |TAMS 0x0000000085100000, 0x0000000085100000| Untracked 
|  82|0x0000000085200000, 0x0000000085200000, 0x0000000085300000|  0%| F|  |TAMS 0x0000000085200000, 0x0000000085200000| Untracked 
|  83|0x0000000085300000, 0x0000000085300000, 0x0000000085400000|  0%| F|  |TAMS 0x0000000085300000, 0x0000000085300000| Untracked 
|  84|0x0000000085400000, 0x0000000085400000, 0x0000000085500000|  0%| F|  |TAMS 0x0000000085400000, 0x0000000085400000| Untracked 
|  85|0x0000000085500000, 0x0000000085500000, 0x0000000085600000|  0%| F|  |TAMS 0x0000000085500000, 0x0000000085500000| Untracked 
|  86|0x0000000085600000, 0x0000000085600000, 0x0000000085700000|  0%| F|  |TAMS 0x0000000085600000, 0x0000000085600000| Untracked 
|  87|0x0000000085700000, 0x0000000085700000, 0x0000000085800000|  0%| F|  |TAMS 0x0000000085700000, 0x0000000085700000| Untracked 
|  88|0x0000000085800000, 0x0000000085800000, 0x0000000085900000|  0%| F|  |TAMS 0x0000000085800000, 0x0000000085800000| Untracked 
|  89|0x0000000085900000, 0x0000000085900000, 0x0000000085a00000|  0%| F|  |TAMS 0x0000000085900000, 0x0000000085900000| Untracked 
|  90|0x0000000085a00000, 0x0000000085a00000, 0x0000000085b00000|  0%| F|  |TAMS 0x0000000085a00000, 0x0000000085a00000| Untracked 
|  91|0x0000000085b00000, 0x0000000085b148f0, 0x0000000085c00000|  8%| E|  |TAMS 0x0000000085b00000, 0x0000000085b00000| Complete 
|  92|0x0000000085c00000, 0x0000000085d00000, 0x0000000085d00000|100%| E|CS|TAMS 0x0000000085c00000, 0x0000000085c00000| Complete 
|  93|0x0000000085d00000, 0x0000000085e00000, 0x0000000085e00000|100%| E|CS|TAMS 0x0000000085d00000, 0x0000000085d00000| Complete 
|  94|0x0000000085e00000, 0x0000000085f00000, 0x0000000085f00000|100%| E|CS|TAMS 0x0000000085e00000, 0x0000000085e00000| Complete 
|  95|0x0000000085f00000, 0x0000000086000000, 0x0000000086000000|100%| E|CS|TAMS 0x0000000085f00000, 0x0000000085f00000| Complete 
|  96|0x0000000086000000, 0x0000000086100000, 0x0000000086100000|100%| E|CS|TAMS 0x0000000086000000, 0x0000000086000000| Complete 
|  97|0x0000000086100000, 0x0000000086200000, 0x0000000086200000|100%| E|CS|TAMS 0x0000000086100000, 0x0000000086100000| Complete 
|  98|0x0000000086200000, 0x0000000086300000, 0x0000000086300000|100%| E|CS|TAMS 0x0000000086200000, 0x0000000086200000| Complete 
|  99|0x0000000086300000, 0x0000000086400000, 0x0000000086400000|100%| E|CS|TAMS 0x0000000086300000, 0x0000000086300000| Complete 
| 100|0x0000000086400000, 0x0000000086500000, 0x0000000086500000|100%| E|CS|TAMS 0x0000000086400000, 0x0000000086400000| Complete 
| 101|0x0000000086500000, 0x0000000086600000, 0x0000000086600000|100%| E|CS|TAMS 0x0000000086500000, 0x0000000086500000| Complete 
| 102|0x0000000086600000, 0x0000000086700000, 0x0000000086700000|100%| E|CS|TAMS 0x0000000086600000, 0x0000000086600000| Complete 
| 103|0x0000000086700000, 0x0000000086800000, 0x0000000086800000|100%| E|CS|TAMS 0x0000000086700000, 0x0000000086700000| Complete 
| 104|0x0000000086800000, 0x0000000086900000, 0x0000000086900000|100%| E|CS|TAMS 0x0000000086800000, 0x0000000086800000| Complete 
| 105|0x0000000086900000, 0x0000000086a00000, 0x0000000086a00000|100%| E|CS|TAMS 0x0000000086900000, 0x0000000086900000| Complete 
| 106|0x0000000086a00000, 0x0000000086b00000, 0x0000000086b00000|100%| E|CS|TAMS 0x0000000086a00000, 0x0000000086a00000| Complete 
| 107|0x0000000086b00000, 0x0000000086c00000, 0x0000000086c00000|100%| E|CS|TAMS 0x0000000086b00000, 0x0000000086b00000| Complete 
| 108|0x0000000086c00000, 0x0000000086d00000, 0x0000000086d00000|100%| E|CS|TAMS 0x0000000086c00000, 0x0000000086c00000| Complete 
| 109|0x0000000086d00000, 0x0000000086e00000, 0x0000000086e00000|100%| E|CS|TAMS 0x0000000086d00000, 0x0000000086d00000| Complete 
| 110|0x0000000086e00000, 0x0000000086f00000, 0x0000000086f00000|100%| E|CS|TAMS 0x0000000086e00000, 0x0000000086e00000| Complete 
| 111|0x0000000086f00000, 0x0000000087000000, 0x0000000087000000|100%| E|CS|TAMS 0x0000000086f00000, 0x0000000086f00000| Complete 
| 112|0x0000000087000000, 0x0000000087100000, 0x0000000087100000|100%| E|CS|TAMS 0x0000000087000000, 0x0000000087000000| Complete 
| 113|0x0000000087100000, 0x0000000087200000, 0x0000000087200000|100%| E|CS|TAMS 0x0000000087100000, 0x0000000087100000| Complete 
| 114|0x0000000087200000, 0x0000000087300000, 0x0000000087300000|100%| E|CS|TAMS 0x0000000087200000, 0x0000000087200000| Complete 
| 115|0x0000000087300000, 0x0000000087400000, 0x0000000087400000|100%| E|CS|TAMS 0x0000000087300000, 0x0000000087300000| Complete 
| 116|0x0000000087400000, 0x0000000087500000, 0x0000000087500000|100%| E|CS|TAMS 0x0000000087400000, 0x0000000087400000| Complete 
| 117|0x0000000087500000, 0x0000000087600000, 0x0000000087600000|100%| E|CS|TAMS 0x0000000087500000, 0x0000000087500000| Complete 
| 118|0x0000000087600000, 0x0000000087700000, 0x0000000087700000|100%| E|CS|TAMS 0x0000000087600000, 0x0000000087600000| Complete 
| 119|0x0000000087700000, 0x0000000087800000, 0x0000000087800000|100%| E|CS|TAMS 0x0000000087700000, 0x0000000087700000| Complete 
| 120|0x0000000087800000, 0x0000000087900000, 0x0000000087900000|100%| E|CS|TAMS 0x0000000087800000, 0x0000000087800000| Complete 
| 121|0x0000000087900000, 0x0000000087a00000, 0x0000000087a00000|100%| E|CS|TAMS 0x0000000087900000, 0x0000000087900000| Complete 
| 122|0x0000000087a00000, 0x0000000087b00000, 0x0000000087b00000|100%| E|CS|TAMS 0x0000000087a00000, 0x0000000087a00000| Complete 
| 123|0x0000000087b00000, 0x0000000087c00000, 0x0000000087c00000|100%| E|CS|TAMS 0x0000000087b00000, 0x0000000087b00000| Complete 

Card table byte_map: [0x000002777d1a0000,0x000002777d5a0000] _byte_map_base: 0x000002777cda0000

Marking Bits (Prev, Next): (CMBitMap*) 0x000002777aab5a28, (CMBitMap*) 0x000002777aab5a60
 Prev Bits: [0x000002777d9a0000, 0x000002777f9a0000)
 Next Bits: [0x0000027717680000, 0x0000027719680000)

Polling page: 0x000002777c300000

Metaspace:

Usage:
  Non-class:     35.96 MB capacity,    35.34 MB ( 98%) used,   530.61 KB (  1%) free+waste,   100.69 KB ( <1%) overhead. 
      Class:      5.37 MB capacity,     5.01 MB ( 93%) used,   320.87 KB (  6%) free+waste,    48.50 KB ( <1%) overhead. 
       Both:     41.33 MB capacity,    40.35 MB ( 98%) used,   851.48 KB (  2%) free+waste,   149.19 KB ( <1%) overhead. 

Virtual space:
  Non-class space:       38.00 MB reserved,      36.08 MB ( 95%) committed 
      Class space:      504.00 MB reserved,       5.38 MB (  1%) committed 
             Both:      542.00 MB reserved,      41.45 MB (  8%) committed 

Chunk freelists:
   Non-Class:  1.00 KB
       Class:  1.00 KB
        Both:  2.00 KB

MaxMetaspaceSize: 512.00 MB
CompressedClassSpaceSize: 504.00 MB
Initial GC threshold: 20.80 MB
Current GC threshold: 58.88 MB
CDS: off

CodeHeap 'non-profiled nmethods': size=120000Kb used=1756Kb max_used=1756Kb free=118243Kb
 bounds [0x0000027710150000, 0x00000277103c0000, 0x0000027717680000]
CodeHeap 'profiled nmethods': size=120000Kb used=8227Kb max_used=8227Kb free=111772Kb
 bounds [0x0000027708c20000, 0x0000027709430000, 0x0000027710150000]
CodeHeap 'non-nmethods': size=5760Kb used=2286Kb max_used=2328Kb free=3473Kb
 bounds [0x0000027708680000, 0x00000277088f0000, 0x0000027708c20000]
 total_blobs=4562 nmethods=3796 adapters=677
 compilation: enabled
              stopped_count=0, restarted_count=0
 full_count=0

Compilation events (20 events):
Event: 8.392 Thread 0x000002771bb83000 3718       3       org.gradle.internal.logging.slf4j.OutputEventListenerBackedLogger::isLevelAtMost (20 bytes)
Event: 8.392 Thread 0x000002771bb83000 nmethod 3718 0x00000277093f7810 code [0x00000277093f79e0, 0x00000277093f7d08]
Event: 8.392 Thread 0x000002771bb83000 3719       3       org.gradle.internal.logging.slf4j.OutputEventListenerBackedLoggerContext::getLevel (11 bytes)
Event: 8.392 Thread 0x000002771bb83000 nmethod 3719 0x00000277093f7e90 code [0x00000277093f8040, 0x00000277093f8258]
Event: 8.401 Thread 0x000002771bb83000 3720       3       java.lang.StackTraceElement::<init> (10 bytes)
Event: 8.402 Thread 0x000002771bb83000 nmethod 3720 0x00000277093f8310 code [0x00000277093f84c0, 0x00000277093f8618]
Event: 8.402 Thread 0x000002771bb83000 3721       3       java.lang.ModuleLayer::boot (4 bytes)
Event: 8.402 Thread 0x000002771bb83000 nmethod 3721 0x00000277093f8710 code [0x00000277093f88c0, 0x00000277093f89b8]
Event: 8.402 Thread 0x000002771bb83000 3722  s!   3       java.lang.StackTraceElement::computeFormat (71 bytes)
Event: 8.402 Thread 0x000002771bb83000 nmethod 3722 0x00000277093f8a10 code [0x00000277093f8c40, 0x00000277093f9578]
Event: 8.402 Thread 0x000002771bb83000 3723       3       java.lang.StackTraceElement::isHashedInJavaBase (31 bytes)
Event: 8.403 Thread 0x000002771bb83000 nmethod 3723 0x00000277093f9810 code [0x00000277093f9a20, 0x00000277093f9ef8]
Event: 8.409 Thread 0x000002771bb83000 3724       3       java.util.regex.Pattern$Branch::match (66 bytes)
Event: 8.409 Thread 0x000002771bb83000 nmethod 3724 0x00000277093fa090 code [0x00000277093fa280, 0x00000277093fa718]
Event: 8.410 Thread 0x000002771bb83000 3725       1       java.lang.StackTraceElement::getClassName (5 bytes)
Event: 8.410 Thread 0x000002771bb83000 nmethod 3725 0x0000027710301f10 code [0x00000277103020c0, 0x0000027710302178]
Event: 8.415 Thread 0x000002771bb83000 3726       3       org.codehaus.groovy.runtime.StackTraceUtils::isApplicationClass (84 bytes)
Event: 8.417 Thread 0x000002771bb83000 nmethod 3726 0x00000277093fa910 code [0x00000277093fab60, 0x00000277093fb438]
Event: 8.436 Thread 0x000002771bb83000 3727       2       java.util.regex.Pattern$Start::match (90 bytes)
Event: 8.436 Thread 0x000002771bb83000 nmethod 3727 0x00000277093fb790 code [0x00000277093fb960, 0x00000277093fbbe8]

GC Heap History (14 events):
Event: 0.870 GC heap before
{Heap before GC invocations=0 (full 0):
 garbage-first heap   total 126976K, used 30720K [0x0000000080000000, 0x0000000100000000)
  region size 1024K, 24 young (24576K), 0 survivors (0K)
 Metaspace       used 9870K, capacity 10130K, committed 10368K, reserved 526336K
  class space    used 1010K, capacity 1102K, committed 1152K, reserved 516096K
}
Event: 0.878 GC heap after
{Heap after GC invocations=1 (full 0):
 garbage-first heap   total 126976K, used 9628K [0x0000000080000000, 0x0000000100000000)
  region size 1024K, 3 young (3072K), 3 survivors (3072K)
 Metaspace       used 9870K, capacity 10130K, committed 10368K, reserved 526336K
  class space    used 1010K, capacity 1102K, committed 1152K, reserved 516096K
}
Event: 3.850 GC heap before
{Heap before GC invocations=1 (full 0):
 garbage-first heap   total 126976K, used 83356K [0x0000000080000000, 0x0000000100000000)
  region size 1024K, 74 young (75776K), 3 survivors (3072K)
 Metaspace       used 18405K, capacity 18759K, committed 18944K, reserved 534528K
  class space    used 2163K, capacity 2276K, committed 2304K, reserved 516096K
}
Event: 3.856 GC heap after
{Heap after GC invocations=2 (full 0):
 garbage-first heap   total 126976K, used 16741K [0x0000000080000000, 0x0000000100000000)
  region size 1024K, 10 young (10240K), 10 survivors (10240K)
 Metaspace       used 18405K, capacity 18759K, committed 18944K, reserved 534528K
  class space    used 2163K, capacity 2276K, committed 2304K, reserved 516096K
}
Event: 4.423 GC heap before
{Heap before GC invocations=2 (full 0):
 garbage-first heap   total 126976K, used 34149K [0x0000000080000000, 0x0000000100000000)
  region size 1024K, 28 young (28672K), 10 survivors (10240K)
 Metaspace       used 20717K, capacity 21167K, committed 21296K, reserved 536576K
  class space    used 2484K, capacity 2657K, committed 2688K, reserved 516096K
}
Event: 4.431 GC heap after
{Heap after GC invocations=3 (full 0):
 garbage-first heap   total 126976K, used 17640K [0x0000000080000000, 0x0000000100000000)
  region size 1024K, 1 young (1024K), 1 survivors (1024K)
 Metaspace       used 20717K, capacity 21167K, committed 21296K, reserved 536576K
  class space    used 2484K, capacity 2657K, committed 2688K, reserved 516096K
}
Event: 5.615 GC heap before
{Heap before GC invocations=4 (full 0):
 garbage-first heap   total 126976K, used 63720K [0x0000000080000000, 0x0000000100000000)
  region size 1024K, 47 young (48128K), 1 survivors (1024K)
 Metaspace       used 25460K, capacity 26011K, committed 26160K, reserved 540672K
  class space    used 3216K, capacity 3422K, committed 3456K, reserved 516096K
}
Event: 5.618 GC heap after
{Heap after GC invocations=5 (full 0):
 garbage-first heap   total 126976K, used 19168K [0x0000000080000000, 0x0000000100000000)
  region size 1024K, 3 young (3072K), 3 survivors (3072K)
 Metaspace       used 25460K, capacity 26011K, committed 26160K, reserved 540672K
  class space    used 3216K, capacity 3422K, committed 3456K, reserved 516096K
}
Event: 6.416 GC heap before
{Heap before GC invocations=5 (full 0):
 garbage-first heap   total 126976K, used 71392K [0x0000000080000000, 0x0000000100000000)
  region size 1024K, 54 young (55296K), 3 survivors (3072K)
 Metaspace       used 30612K, capacity 31310K, committed 31408K, reserved 544768K
  class space    used 4014K, capacity 4280K, committed 4352K, reserved 516096K
}
Event: 6.419 GC heap after
{Heap after GC invocations=6 (full 0):
 garbage-first heap   total 126976K, used 20693K [0x0000000080000000, 0x0000000100000000)
  region size 1024K, 4 young (4096K), 4 survivors (4096K)
 Metaspace       used 30612K, capacity 31310K, committed 31408K, reserved 544768K
  class space    used 4014K, capacity 4280K, committed 4352K, reserved 516096K
}
Event: 6.905 GC heap before
{Heap before GC invocations=6 (full 0):
 garbage-first heap   total 126976K, used 34005K [0x0000000080000000, 0x0000000100000000)
  region size 1024K, 18 young (18432K), 4 survivors (4096K)
 Metaspace       used 34986K, capacity 35770K, committed 35920K, reserved 548864K
  class space    used 4442K, capacity 4768K, committed 4864K, reserved 516096K
}
Event: 6.917 GC heap after
{Heap after GC invocations=7 (full 0):
 garbage-first heap   total 126976K, used 23005K [0x0000000080000000, 0x0000000100000000)
  region size 1024K, 7 young (7168K), 7 survivors (7168K)
 Metaspace       used 34986K, capacity 35770K, committed 35920K, reserved 548864K
  class space    used 4442K, capacity 4768K, committed 4864K, reserved 516096K
}
Event: 7.794 GC heap before
{Heap before GC invocations=8 (full 0):
 garbage-first heap   total 126976K, used 72157K [0x0000000080000000, 0x0000000100000000)
  region size 1024K, 52 young (53248K), 7 survivors (7168K)
 Metaspace       used 39733K, capacity 40640K, committed 40784K, reserved 552960K
  class space    used 4942K, capacity 5256K, committed 5376K, reserved 516096K
}
Event: 7.801 GC heap after
{Heap after GC invocations=9 (full 0):
 garbage-first heap   total 126976K, used 26628K [0x0000000080000000, 0x0000000100000000)
  region size 1024K, 6 young (6144K), 6 survivors (6144K)
 Metaspace       used 39733K, capacity 40640K, committed 40784K, reserved 552960K
  class space    used 4942K, capacity 5256K, committed 5376K, reserved 516096K
}

Deoptimization events (20 events):
Event: 8.106 Thread 0x000002771e89b000 DEOPT PACKING pc=0x0000027709359626 sp=0x0000009f1d4fdb70
Event: 8.106 Thread 0x000002771e89b000 DEOPT UNPACKING pc=0x00000277086c9d0e sp=0x0000009f1d4fd050 mode 0
Event: 8.139 Thread 0x000002771d99f800 Uncommon trap: trap_request=0xffffff4d fr.pc=0x00000277102dca6c relative=0x000000000000558c
Event: 8.139 Thread 0x000002771d99f800 Uncommon trap: reason=unstable_if action=reinterpret pc=0x00000277102dca6c method=java.net.URLClassLoader.defineClass(Ljava/lang/String;Ljdk/internal/loader/Resource;)Ljava/lang/Class; @ 21 c2
Event: 8.139 Thread 0x000002771d99f800 DEOPT PACKING pc=0x00000277102dca6c sp=0x0000009f1bbf7de0
Event: 8.139 Thread 0x000002771d99f800 DEOPT UNPACKING pc=0x00000277086885af sp=0x0000009f1bbf7da8 mode 2
Event: 8.233 Thread 0x000002771d99f800 Uncommon trap: trap_request=0xffffff4d fr.pc=0x00000277101eedb4 relative=0x0000000000001374
Event: 8.233 Thread 0x000002771d99f800 Uncommon trap: reason=unstable_if action=reinterpret pc=0x00000277101eedb4 method=java.util.concurrent.ConcurrentHashMap.putVal(Ljava/lang/Object;Ljava/lang/Object;Z)Ljava/lang/Object; @ 231 c2
Event: 8.233 Thread 0x000002771d99f800 DEOPT PACKING pc=0x00000277101eedb4 sp=0x0000009f1bbf7150
Event: 8.233 Thread 0x000002771d99f800 DEOPT UNPACKING pc=0x00000277086885af sp=0x0000009f1bbf70d0 mode 2
Event: 8.355 Thread 0x000002771d99f800 Uncommon trap: trap_request=0xffffff4d fr.pc=0x00000277102eb8f8 relative=0x0000000000000678
Event: 8.355 Thread 0x000002771d99f800 Uncommon trap: reason=unstable_if action=reinterpret pc=0x00000277102eb8f8 method=java.io.BufferedInputStream.read([BII)I @ 56 c2
Event: 8.355 Thread 0x000002771d99f800 DEOPT PACKING pc=0x00000277102eb8f8 sp=0x0000009f1bbf8280
Event: 8.355 Thread 0x000002771d99f800 DEOPT UNPACKING pc=0x00000277086885af sp=0x0000009f1bbf8258 mode 2
Event: 8.378 Thread 0x000002771d99f800 DEOPT PACKING pc=0x00000277092ab6af sp=0x0000009f1bbf37b0
Event: 8.378 Thread 0x000002771d99f800 DEOPT UNPACKING pc=0x00000277086c9d0e sp=0x0000009f1bbf2c38 mode 0
Event: 8.409 Thread 0x000002771d99f800 Uncommon trap: trap_request=0xffffff4d fr.pc=0x00000277102e436c relative=0x000000000000064c
Event: 8.409 Thread 0x000002771d99f800 Uncommon trap: reason=unstable_if action=reinterpret pc=0x00000277102e436c method=java.util.regex.Matcher.search(I)Z @ 76 c2
Event: 8.409 Thread 0x000002771d99f800 DEOPT PACKING pc=0x00000277102e436c sp=0x0000009f1bbfbc70
Event: 8.409 Thread 0x000002771d99f800 DEOPT UNPACKING pc=0x00000277086885af sp=0x0000009f1bbfbc50 mode 2

Classes redefined (0 events):
No events

Internal exceptions (20 events):
Event: 8.304 Thread 0x000002771d99f800 Exception <a 'java/lang/ClassNotFoundException'{0x00000000865bfc08}: java/io/ReaderBeanInfo> (0x00000000865bfc08) thrown at [./src/hotspot/share/classfile/systemDictionary.cpp, line 230]
Event: 8.305 Thread 0x000002771d99f800 Exception <a 'java/lang/ClassNotFoundException'{0x00000000865c4d90}: java/io/ReaderCustomizer> (0x00000000865c4d90) thrown at [./src/hotspot/share/classfile/systemDictionary.cpp, line 230]
Event: 8.306 Thread 0x000002771d99f800 Exception <a 'java/lang/ClassNotFoundException'{0x00000000865cf0a8}: java/io/InputStreamReaderCustomizer> (0x00000000865cf0a8) thrown at [./src/hotspot/share/classfile/systemDictionary.cpp, line 230]
Event: 8.307 Thread 0x000002771d99f800 Exception <a 'java/lang/ClassNotFoundException'{0x00000000865f1a50}: java/io/BufferedReaderBeanInfo> (0x00000000865f1a50) thrown at [./src/hotspot/share/classfile/systemDictionary.cpp, line 230]
Event: 8.308 Thread 0x000002771d99f800 Exception <a 'java/lang/ClassNotFoundException'{0x00000000865f6970}: java/io/BufferedReaderCustomizer> (0x00000000865f6970) thrown at [./src/hotspot/share/classfile/systemDictionary.cpp, line 230]
Event: 8.315 Thread 0x000002771d99f800 Exception <a 'java/lang/ClassNotFoundException'{0x000000008632cd80}: java/lang/StringBufferBeanInfo> (0x000000008632cd80) thrown at [./src/hotspot/share/classfile/systemDictionary.cpp, line 230]
Event: 8.315 Thread 0x000002771d99f800 Exception <a 'java/lang/ClassNotFoundException'{0x0000000086332510}: java/lang/AbstractStringBuilderBeanInfo> (0x0000000086332510) thrown at [./src/hotspot/share/classfile/systemDictionary.cpp, line 230]
Event: 8.315 Thread 0x000002771d99f800 Exception <a 'java/lang/ClassNotFoundException'{0x0000000086337768}: java/lang/AbstractStringBuilderCustomizer> (0x0000000086337768) thrown at [./src/hotspot/share/classfile/systemDictionary.cpp, line 230]
Event: 8.322 Thread 0x000002771d99f800 Exception <a 'java/lang/ClassNotFoundException'{0x0000000086204028}: java/lang/StringBufferCustomizer> (0x0000000086204028) thrown at [./src/hotspot/share/classfile/systemDictionary.cpp, line 230]
Event: 8.362 Thread 0x000002771d99f800 Exception <a 'java/lang/ClassNotFoundException'{0x000000008614be88}: java/lang/StringBeanInfo> (0x000000008614be88) thrown at [./src/hotspot/share/classfile/systemDictionary.cpp, line 230]
Event: 8.363 Thread 0x000002771d99f800 Exception <a 'java/lang/ClassNotFoundException'{0x0000000086150da0}: java/lang/StringCustomizer> (0x0000000086150da0) thrown at [./src/hotspot/share/classfile/systemDictionary.cpp, line 230]
Event: 8.373 Thread 0x000002771d99f800 Exception <a 'java/lang/ClassNotFoundException'{0x00000000861d4758}: org/gradle/internal/logging/slf4j/OutputEventListenerBackedLoggerBeanInfo> (0x00000000861d4758) thrown at [./src/hotspot/share/classfile/systemDictionary.cpp, line 230]
Event: 8.374 Thread 0x000002771d99f800 Exception <a 'java/lang/ClassNotFoundException'{0x00000000860002e0}: org/gradle/internal/logging/slf4j/BuildOperationAwareLoggerBeanInfo> (0x00000000860002e0) thrown at [./src/hotspot/share/classfile/systemDictionary.cpp, line 230]
Event: 8.375 Thread 0x000002771d99f800 Exception <a 'java/lang/ClassNotFoundException'{0x000000008602b740}: org/gradle/internal/logging/slf4j/BuildOperationAwareLoggerCustomizer> (0x000000008602b740) thrown at [./src/hotspot/share/classfile/systemDictionary.cpp, line 230]
Event: 8.378 Thread 0x000002771d99f800 Exception <a 'java/lang/ClassNotFoundException'{0x00000000860890e8}: org/gradle/internal/logging/slf4j/OutputEventListenerBackedLoggerCustomizer> (0x00000000860890e8) thrown at [./src/hotspot/share/classfile/systemDictionary.cpp, line 230]
Event: 8.387 Thread 0x000002771d99f800 Exception <a 'java/lang/ClassNotFoundException'{0x00000000860fcd40}: java/lang/ExceptionBeanInfo> (0x00000000860fcd40) thrown at [./src/hotspot/share/classfile/systemDictionary.cpp, line 230]
Event: 8.389 Thread 0x000002771d99f800 Exception <a 'java/lang/ClassNotFoundException'{0x0000000085f029a0}: java/lang/ThrowableBeanInfo> (0x0000000085f029a0) thrown at [./src/hotspot/share/classfile/systemDictionary.cpp, line 230]
Event: 8.389 Thread 0x000002771d99f800 Exception <a 'java/lang/ClassNotFoundException'{0x0000000085f07b68}: java/lang/ThrowableCustomizer> (0x0000000085f07b68) thrown at [./src/hotspot/share/classfile/systemDictionary.cpp, line 230]
Event: 8.390 Thread 0x000002771d99f800 Exception <a 'java/lang/ClassNotFoundException'{0x0000000085f14dc8}: java/lang/ExceptionCustomizer> (0x0000000085f14dc8) thrown at [./src/hotspot/share/classfile/systemDictionary.cpp, line 230]
Event: 8.391 Thread 0x000002771d99f800 Exception <a 'java/lang/reflect/InvocationTargetException'{0x0000000085f1dc48}> (0x0000000085f1dc48) thrown at [./src/hotspot/share/runtime/reflection.cpp, line 1247]

Events (20 events):
Event: 8.432 loading class org/gradle/internal/logging/text/BufferingStyledTextOutput
Event: 8.432 loading class org/gradle/internal/logging/text/BufferingStyledTextOutput done
Event: 8.432 loading class org/gradle/internal/logging/text/BufferingStyledTextOutput$ChangeStyleAction
Event: 8.432 loading class org/gradle/internal/logging/text/BufferingStyledTextOutput$ChangeStyleAction done
Event: 8.433 loading class org/gradle/internal/logging/text/AbstractStyledTextOutput$StyleOverrideTextOutput
Event: 8.433 loading class org/gradle/internal/logging/text/AbstractStyledTextOutput$StyleOverrideTextOutput done
Event: 8.433 Executing VM operation: Deoptimize
Event: 8.434 Executing VM operation: Deoptimize done
Event: 8.434 loading class org/gradle/internal/logging/text/BufferingStyledTextOutput
Event: 8.434 loading class org/gradle/internal/logging/text/BufferingStyledTextOutput done
Event: 8.434 loading class org/gradle/internal/buildevents/BuildExceptionReporter
Event: 8.434 loading class org/gradle/internal/buildevents/BuildExceptionReporter done
Event: 8.435 loading class org/gradle/internal/logging/text/StyledTextOutput
Event: 8.435 loading class org/gradle/internal/logging/text/StyledTextOutput done
Event: 8.435 loading class org/gradle/internal/exceptions/StyledException
Event: 8.435 loading class org/gradle/internal/exceptions/StyledException done
Event: 8.435 loading class org/gradle/internal/logging/text/LinePrefixingStyledTextOutput
Event: 8.435 loading class org/gradle/internal/logging/text/LinePrefixingStyledTextOutput done
Event: 8.436 loading class org/apache/commons/lang/text/StrBuilder
Event: 8.436 loading class org/apache/commons/lang/text/StrBuilder done


Dynamic libraries:
0x00007ff7a72a0000 - 0x00007ff7a72ad000 	C:\Program Files\OpenJDK\openjdk-11.0.15_10\bin\java.exe
0x00007ffb2db40000 - 0x00007ffb2dd49000 	C:\WINDOWS\SYSTEM32\ntdll.dll
0x00007ffb2c260000 - 0x00007ffb2c31d000 	C:\WINDOWS\System32\KERNEL32.DLL
0x00007ffb2b3b0000 - 0x00007ffb2b724000 	C:\WINDOWS\System32\KERNELBASE.dll
0x00007ffb2b290000 - 0x00007ffb2b3a1000 	C:\WINDOWS\System32\ucrtbase.dll
0x00007ffb177a0000 - 0x00007ffb177b6000 	C:\Program Files\OpenJDK\openjdk-11.0.15_10\bin\VCRUNTIME140.dll
0x00007ffb17f30000 - 0x00007ffb17f48000 	C:\Program Files\OpenJDK\openjdk-11.0.15_10\bin\jli.dll
0x00007ffb2cb60000 - 0x00007ffb2cd0c000 	C:\WINDOWS\System32\USER32.dll
0x00007ffb09a50000 - 0x00007ffb09cf5000 	C:\WINDOWS\WinSxS\amd64_microsoft.windows.common-controls_6595b64144ccf1df_6.0.22000.120_none_9d947278b86cc467\COMCTL32.dll
0x00007ffb2ba50000 - 0x00007ffb2baf3000 	C:\WINDOWS\System32\msvcrt.dll
0x00007ffb2b150000 - 0x00007ffb2b176000 	C:\WINDOWS\System32\win32u.dll
0x00007ffb2d0e0000 - 0x00007ffb2d109000 	C:\WINDOWS\System32\GDI32.dll
0x00007ffb2b030000 - 0x00007ffb2b142000 	C:\WINDOWS\System32\gdi32full.dll
0x00007ffb2b180000 - 0x00007ffb2b21d000 	C:\WINDOWS\System32\msvcp_win.dll
0x00007ffb2bb00000 - 0x00007ffb2bb31000 	C:\WINDOWS\System32\IMM32.DLL
0x00007ffada260000 - 0x00007ffada30a000 	C:\Program Files\OpenJDK\openjdk-11.0.15_10\bin\msvcp140.dll
0x00007ffaa22b0000 - 0x00007ffaa2e01000 	C:\Program Files\OpenJDK\openjdk-11.0.15_10\bin\server\jvm.dll
0x00007ffb2d8c0000 - 0x00007ffb2d96e000 	C:\WINDOWS\System32\ADVAPI32.dll
0x00007ffb2d970000 - 0x00007ffb2da0e000 	C:\WINDOWS\System32\sechost.dll
0x00007ffb2cf30000 - 0x00007ffb2d050000 	C:\WINDOWS\System32\RPCRT4.dll
0x00007ffb2ceb0000 - 0x00007ffb2ceb8000 	C:\WINDOWS\System32\PSAPI.DLL
0x00007ffb07c30000 - 0x00007ffb07c39000 	C:\WINDOWS\SYSTEM32\WSOCK32.dll
0x00007ffb249e0000 - 0x00007ffb24a13000 	C:\WINDOWS\SYSTEM32\WINMM.dll
0x00007ffb1cf20000 - 0x00007ffb1cf2a000 	C:\WINDOWS\SYSTEM32\VERSION.dll
0x00007ffb2cec0000 - 0x00007ffb2cf2f000 	C:\WINDOWS\System32\WS2_32.dll
0x00007ffb2a220000 - 0x00007ffb2a238000 	C:\WINDOWS\SYSTEM32\kernel.appcore.dll
0x00007ffb15d20000 - 0x00007ffb15d31000 	C:\Program Files\OpenJDK\openjdk-11.0.15_10\bin\verify.dll
0x00007ffb28730000 - 0x00007ffb28951000 	C:\WINDOWS\SYSTEM32\DBGHELP.DLL
0x00007ffb0ce40000 - 0x00007ffb0ce71000 	C:\WINDOWS\SYSTEM32\dbgcore.DLL
0x00007ffb2b730000 - 0x00007ffb2b7af000 	C:\WINDOWS\System32\bcryptPrimitives.dll
0x00007ffb063a0000 - 0x00007ffb063c9000 	C:\Program Files\OpenJDK\openjdk-11.0.15_10\bin\java.dll
0x00007ffb18310000 - 0x00007ffb1831a000 	C:\Program Files\OpenJDK\openjdk-11.0.15_10\bin\jimage.dll
0x00007ffb0e140000 - 0x00007ffb0e158000 	C:\Program Files\OpenJDK\openjdk-11.0.15_10\bin\zip.dll
0x00007ffb2d110000 - 0x00007ffb2d8be000 	C:\WINDOWS\System32\SHELL32.dll
0x00007ffb291a0000 - 0x00007ffb29a07000 	C:\WINDOWS\SYSTEM32\windows.storage.dll
0x00007ffb2c490000 - 0x00007ffb2c808000 	C:\WINDOWS\System32\combase.dll
0x00007ffb29030000 - 0x00007ffb29196000 	C:\WINDOWS\SYSTEM32\wintypes.dll
0x00007ffb2da10000 - 0x00007ffb2dafa000 	C:\WINDOWS\System32\SHCORE.dll
0x00007ffb2c060000 - 0x00007ffb2c0bd000 	C:\WINDOWS\System32\shlwapi.dll
0x00007ffb2af60000 - 0x00007ffb2af81000 	C:\WINDOWS\SYSTEM32\profapi.dll
0x00007ffb06380000 - 0x00007ffb06399000 	C:\Program Files\OpenJDK\openjdk-11.0.15_10\bin\net.dll
0x00007ffb25980000 - 0x00007ffb25a8c000 	C:\WINDOWS\SYSTEM32\WINHTTP.dll
0x00007ffb2a650000 - 0x00007ffb2a6b7000 	C:\WINDOWS\system32\mswsock.dll
0x00007ffae1230000 - 0x00007ffae1243000 	C:\Program Files\OpenJDK\openjdk-11.0.15_10\bin\nio.dll
0x00007ffadf850000 - 0x00007ffadf877000 	C:\Users\Dell\.gradle\native\e1d6ef7f7dcc3fd88c89a11ec53ec762bb8ba0a96d01ffa2cd45eb1d1d8dd5c5\windows-amd64\native-platform.dll
0x00007ffad7b20000 - 0x00007ffad7c64000 	C:\Users\Dell\.gradle\native\5664cfc778a61ccfe75a443a1ab52a65af34e5dc3c78e0209fed803814484fcb\windows-amd64\native-platform-file-events.dll
0x00007ffb16940000 - 0x00007ffb16949000 	C:\Program Files\OpenJDK\openjdk-11.0.15_10\bin\management.dll
0x00007ffb160e0000 - 0x00007ffb160ec000 	C:\Program Files\OpenJDK\openjdk-11.0.15_10\bin\management_ext.dll
0x00007ffb2a890000 - 0x00007ffb2a8a8000 	C:\WINDOWS\SYSTEM32\CRYPTSP.dll
0x00007ffb2a180000 - 0x00007ffb2a1b5000 	C:\WINDOWS\system32\rsaenh.dll
0x00007ffb2a740000 - 0x00007ffb2a769000 	C:\WINDOWS\SYSTEM32\USERENV.dll
0x00007ffb2aa10000 - 0x00007ffb2aa37000 	C:\WINDOWS\SYSTEM32\bcrypt.dll
0x00007ffb2a8b0000 - 0x00007ffb2a8bc000 	C:\WINDOWS\SYSTEM32\CRYPTBASE.dll
0x00007ffb29cd0000 - 0x00007ffb29cfd000 	C:\WINDOWS\SYSTEM32\IPHLPAPI.DLL
0x00007ffb2cb30000 - 0x00007ffb2cb39000 	C:\WINDOWS\System32\NSI.dll
0x00007ffb23390000 - 0x00007ffb233a9000 	C:\WINDOWS\SYSTEM32\dhcpcsvc6.DLL
0x00007ffb249c0000 - 0x00007ffb249de000 	C:\WINDOWS\SYSTEM32\dhcpcsvc.DLL
0x00007ffb29d00000 - 0x00007ffb29de7000 	C:\WINDOWS\SYSTEM32\DNSAPI.dll

dbghelp: loaded successfully - version: 4.0.5 - missing functions: none
symbol engine: initialized successfully - sym options: 0x614 - pdb path: .;C:\Program Files\OpenJDK\openjdk-11.0.15_10\bin;C:\WINDOWS\SYSTEM32;C:\WINDOWS\WinSxS\amd64_microsoft.windows.common-controls_6595b64144ccf1df_6.0.22000.120_none_9d947278b86cc467;C:\Program Files\OpenJDK\openjdk-11.0.15_10\bin\server;C:\Users\Dell\.gradle\native\e1d6ef7f7dcc3fd88c89a11ec53ec762bb8ba0a96d01ffa2cd45eb1d1d8dd5c5\windows-amd64;C:\Users\Dell\.gradle\native\5664cfc778a61ccfe75a443a1ab52a65af34e5dc3c78e0209fed803814484fcb\windows-amd64

VM Arguments:
jvm_args: -XX:MaxMetaspaceSize=512m --add-opens=java.base/java.util=ALL-UNNAMED --add-opens=java.base/java.lang=ALL-UNNAMED --add-opens=java.base/java.lang.invoke=ALL-UNNAMED --add-opens=java.base/java.util=ALL-UNNAMED --add-opens=java.prefs/java.util.prefs=ALL-UNNAMED --add-opens=java.prefs/java.util.prefs=ALL-UNNAMED --add-opens=java.base/java.nio.charset=ALL-UNNAMED --add-opens=java.base/java.net=ALL-UNNAMED --add-opens=java.base/java.util.concurrent.atomic=ALL-UNNAMED -Xmx2048m -Dfile.encoding=windows-1252 -Duser.country=US -Duser.language=en -Duser.variant 
java_command: org.gradle.launcher.daemon.bootstrap.GradleDaemon 7.3.3
java_class_path (initial): C:\Users\Dell\.gradle\wrapper\dists\gradle-7.3.3-all\4295vidhdd9hd3gbjyw1xqxpo\gradle-7.3.3\lib\gradle-launcher-7.3.3.jar
Launcher Type: SUN_STANDARD

[Global flags]
     intx CICompilerCount                          = 4                                         {product} {ergonomic}
   size_t CompressedClassSpaceSize                 = 528482304                                 {product} {ergonomic}
     uint ConcGCThreads                            = 2                                         {product} {ergonomic}
     uint G1ConcRefinementThreads                  = 8                                         {product} {ergonomic}
   size_t G1HeapRegionSize                         = 1048576                                   {product} {ergonomic}
    uintx GCDrainStackTargetSize                   = 64                                        {product} {ergonomic}
   size_t InitialHeapSize                          = 130023424                                 {product} {ergonomic}
   size_t MarkStackSize                            = 4194304                                   {product} {ergonomic}
   size_t MaxHeapSize                              = 2147483648                                {product} {command line}
   size_t MaxMetaspaceSize                         = 536870912                                 {product} {command line}
   size_t MaxNewSize                               = 1287651328                                {product} {ergonomic}
   size_t MinHeapDeltaBytes                        = 1048576                                   {product} {ergonomic}
    uintx NonNMethodCodeHeapSize                   = 5836300                                {pd product} {ergonomic}
    uintx NonProfiledCodeHeapSize                  = 122910970                              {pd product} {ergonomic}
    uintx ProfiledCodeHeapSize                     = 122910970                              {pd product} {ergonomic}
    uintx ReservedCodeCacheSize                    = 251658240                              {pd product} {ergonomic}
     bool SegmentedCodeCache                       = true                                      {product} {ergonomic}
     bool UseCompressedClassPointers               = true                                 {lp64_product} {ergonomic}
     bool UseCompressedOops                        = true                                 {lp64_product} {ergonomic}
     bool UseG1GC                                  = true                                      {product} {ergonomic}
     bool UseLargePagesIndividualAllocation        = false                                  {pd product} {ergonomic}

Logging:
Log output configuration:
 #0: stdout all=warning uptime,level,tags
 #1: stderr all=off uptime,level,tags

Environment Variables:
JAVA_HOME=C:\Program Files\OpenJDK\openjdk-11.0.15_10
CLASSPATH=D:\Doc\Nam-5-hk1-22-23\TN418-LuanVan\reipa_project\android\\gradle\wrapper\gradle-wrapper.jar
PATH=D:\Doc\Nam-5-hk1-22-23\TN418-LuanVan\reipa_project\android\node_modules\.bin;D:\Doc\Nam-5-hk1-22-23\TN418-LuanVan\reipa_project\node_modules\.bin;D:\Doc\Nam-5-hk1-22-23\TN418-LuanVan\node_modules\.bin;D:\Doc\Nam-5-hk1-22-23\node_modules\.bin;D:\Doc\node_modules\.bin;D:\node_modules\.bin;C:\Program Files\nodejs;D:\Doc\Nam-5-hk1-22-23\TN418-LuanVan\reipa_project\node_modules\.bin;C:\Program Files\Python39\Scripts\;C:\Program Files\Python39\;C:\Program Files\Common Files\Oracle\Java\javapath;C:\Program Files (x86)\Common Files\Oracle\Java\javapath;C:\WINDOWS\system32;C:\WINDOWS;C:\WINDOWS\System32\Wbem;C:\WINDOWS\System32\WindowsPowerShell\v1.0\;C:\WINDOWS\System32\OpenSSH\;C:\ProgramData\chocolatey\bin;C:\Program Files\OpenJDK\openjdk-8u312-b07\bin;%ANDROID_HOME%;C:\Program Files (x86)\Yarn\bin\;C:\Program Files\Microsoft\Web Platform Installer\;C:\Program Files (x86)\Microsoft ASP.NET\ASP.NET Web Pages\v1.0\;C:\Program Files\Microsoft SQL Server\110\Tools\Binn\;D:\SETUP\Git\Git\cmd;C:\Program Files\dotnet\;C:\Program Files\Microsoft SQL Server\130\Tools\Binn\;D:\SETUP\AndroidStudio\Android\sdk\tools;D:\SETUP\AndroidStudio\Android\sdk\platform-tools;C:\Program Files\OpenJDK\openjdk-11.0.15_10\bin;D:\SETUP\TortoiseGit\bin;C:\Program Files\MySQL\MySQL Server 8.0\bin;%NVM_HOME%;%NVM_SYMLINK%;C:\Program Files\MySQL\MySQL Shell 8.0\bin\;C:\Users\Dell\AppData\Local\Microsoft\WindowsApps;D:\SETUP\VSCode\Microsoft VS Code\bin;C:\Users\Dell\AppData\Local\Yarn\bin;C:\Users\Dell\.dotnet\tools;C:\Users\Dell\AppData\Roaming\npm;C:\Users\Dell\AppData\Roaming\nvm;C:\Program Files\nodejs
USERNAME=Dell
LANG=en_US.UTF-8
OS=Windows_NT
PROCESSOR_IDENTIFIER=Intel64 Family 6 Model 140 Stepping 1, GenuineIntel



---------------  S Y S T E M  ---------------

OS: Windows 11 , 64 bit Build 22000 (10.0.22000.434)
OS uptime: 39 days 23:51 hours

CPU:total 8 (initial active 8) (4 cores per cpu, 2 threads per core) family 6 model 140 stepping 1 microcode 0x9a, cmov, cx8, fxsr, mmx, sse, sse2, sse3, ssse3, sse4.1, sse4.2, popcnt, avx, avx2, aes, clmul, erms, 3dnowpref, lzcnt, ht, tsc, tscinvbit, bmi1, bmi2, adx, evex, sha, fma

Memory: 4k page, system-wide physical 7934M (311M free)
TotalPageFile size 18174M (AvailPageFile size 0M)
current process WorkingSet (physical memory assigned to process): 239M, peak: 239M
current process commit charge ("private bytes"): 299M, peak: 301M

vm_info: OpenJDK 64-Bit Server VM (11.0.15+10) for windows-amd64 JRE (11.0.15+10), built on Apr 21 2022 21:29:46 by "tester" with MS VC++ 15.5 (VS2017)

END.
