#
# There is insufficient memory for the Java Runtime Environment to continue.
# Native memory allocation (malloc) failed to allocate 100576 bytes for Chunk::new
# Possible reasons:
#   The system is out of physical RAM or swap space
#   The process is running with CompressedOops enabled, and the Java Heap may be blocking the growth of the native heap
# Possible solutions:
#   Reduce memory load on the system
#   Increase physical memory or swap space
#   Check if swap backing store is full
#   Decrease Java heap size (-Xmx/-Xms)
#   Decrease number of Java threads
#   Decrease Java thread stack sizes (-Xss)
#   Set larger code cache with -XX:ReservedCodeCacheSize=
#   JVM is running with Unscaled Compressed Oops mode in which the Java heap is
#     placed in the first 4GB address space. The Java Heap base address is the
#     maximum limit for the native heap growth. Please use -XX:HeapBaseMinAddress
#     to set the Java Heap base and to place the Java Heap above 4GB virtual address.
# This output file may be truncated or incomplete.
#
#  Out of Memory Error (./src/hotspot/share/memory/arena.cpp:197), pid=3400, tid=2584
#
# JRE version: OpenJDK Runtime Environment 18.9 (11.0.15+10) (build 11.0.15+10)
# Java VM: OpenJDK 64-Bit Server VM 18.9 (11.0.15+10, mixed mode, tiered, compressed oops, g1 gc, windows-amd64)
# No core dump will be written. Minidumps are not enabled by default on client versions of Windows
#

---------------  S U M M A R Y ------------

Command Line: -Xmx64m -Xms64m -Dorg.gradle.appname=gradlew org.gradle.wrapper.GradleWrapperMain app:installDebug -PreactNativeDevServerPort=8081

Host: 11th Gen Intel(R) Core(TM) i5-1135G7 @ 2.40GHz, 8 cores, 7G,  Windows 11 , 64 bit Build 22000 (10.0.22000.434)
Time: Tue Sep 20 16:39:03 2022 SE Asia Standard Time elapsed time: 0.782318 seconds (0d 0h 0m 0s)

---------------  T H R E A D  ---------------

Current thread (0x0000024cd4fa0800):  JavaThread "C2 CompilerThread0" daemon [_thread_in_native, id=2584, stack(0x000000b4db900000,0x000000b4dba00000)]


Current CompileTask:
C2:    782  649       4       java.util.zip.ZipFile$Source::getEntryPos (206 bytes)

Stack: [0x000000b4db900000,0x000000b4dba00000]
Native frames: (J=compiled Java code, j=interpreted, Vv=VM code, C=native code)
V  [jvm.dll+0x64dd3a]
V  [jvm.dll+0x7906c9]
V  [jvm.dll+0x791d9c]
V  [jvm.dll+0x792463]
V  [jvm.dll+0x265048]
V  [jvm.dll+0xc9da1]
V  [jvm.dll+0xca35c]
V  [jvm.dll+0x2d81f4]
V  [jvm.dll+0x55a6c6]
V  [jvm.dll+0x21fc8d]
V  [jvm.dll+0x21d138]
V  [jvm.dll+0x19dd21]
V  [jvm.dll+0x22cc80]
V  [jvm.dll+0x22af81]
V  [jvm.dll+0x75254c]
V  [jvm.dll+0x74b12d]
V  [jvm.dll+0x64c8a6]
C  [ucrtbase.dll+0x26c0c]
C  [KERNEL32.DLL+0x154e0]
C  [ntdll.dll+0x485b]


---------------  P R O C E S S  ---------------

Threads class SMR info:
_java_thread_list=0x0000024cd52429a0, length=10, elements={
0x0000024cba0b0000, 0x0000024cd4f34000, 0x0000024cd4f3d000, 0x0000024cd4f9a000,
0x0000024cd4f9d000, 0x0000024cd4f9f000, 0x0000024cd4fa0800, 0x0000024cd4faa800,
0x0000024cd4fc0000, 0x0000024cd5248000
}

Java Threads: ( => current thread )
  0x0000024cba0b0000 JavaThread "main" [_thread_blocked, id=8052, stack(0x000000b4dad00000,0x000000b4dae00000)]
  0x0000024cd4f34000 JavaThread "Reference Handler" daemon [_thread_blocked, id=10768, stack(0x000000b4db400000,0x000000b4db500000)]
  0x0000024cd4f3d000 JavaThread "Finalizer" daemon [_thread_blocked, id=7840, stack(0x000000b4db500000,0x000000b4db600000)]
  0x0000024cd4f9a000 JavaThread "Signal Dispatcher" daemon [_thread_blocked, id=4616, stack(0x000000b4db600000,0x000000b4db700000)]
  0x0000024cd4f9d000 JavaThread "Attach Listener" daemon [_thread_blocked, id=10468, stack(0x000000b4db700000,0x000000b4db800000)]
  0x0000024cd4f9f000 JavaThread "Service Thread" daemon [_thread_blocked, id=9796, stack(0x000000b4db800000,0x000000b4db900000)]
=>0x0000024cd4fa0800 JavaThread "C2 CompilerThread0" daemon [_thread_in_native, id=2584, stack(0x000000b4db900000,0x000000b4dba00000)]
  0x0000024cd4faa800 JavaThread "C1 CompilerThread0" daemon [_thread_blocked, id=7752, stack(0x000000b4dba00000,0x000000b4dbb00000)]
  0x0000024cd4fc0000 JavaThread "Sweeper thread" daemon [_thread_blocked, id=2272, stack(0x000000b4dbb00000,0x000000b4dbc00000)]
  0x0000024cd5248000 JavaThread "Common-Cleaner" daemon [_thread_blocked, id=7224, stack(0x000000b4dbd00000,0x000000b4dbe00000)]

Other Threads:
  0x0000024cd4f13000 VMThread "VM Thread" [stack: 0x000000b4db300000,0x000000b4db400000] [id=18152]
  0x0000024cd523c800 WatcherThread [stack: 0x000000b4dbc00000,0x000000b4dbd00000] [id=19484]
  0x0000024cba0c5000 GCTaskThread "GC Thread#0" [stack: 0x000000b4dae00000,0x000000b4daf00000] [id=9184]
  0x0000024cba0cf000 ConcurrentGCThread "G1 Main Marker" [stack: 0x000000b4daf00000,0x000000b4db000000] [id=21872]
  0x0000024cba0d1800 ConcurrentGCThread "G1 Conc#0" [stack: 0x000000b4db000000,0x000000b4db100000] [id=6996]
  0x0000024cba13c000 ConcurrentGCThread "G1 Refine#0" [stack: 0x000000b4db100000,0x000000b4db200000] [id=13652]
  0x0000024cba13e000 ConcurrentGCThread "G1 Young RemSet Sampling" [stack: 0x000000b4db200000,0x000000b4db300000] [id=20320]

Threads with active compile tasks:
C2 CompilerThread0      832  649       4       java.util.zip.ZipFile$Source::getEntryPos (206 bytes)

VM state:not at safepoint (normal execution)

VM Mutex/Monitor currently owned by a thread: None

OutOfMemory and StackOverflow Exception counts:
StackOverflowErrors=1
LinkageErrors=3

Heap address: 0x00000000fc000000, size: 64 MB, Compressed Oops mode: 32-bit
Narrow klass base: 0x0000000000000000, Narrow klass shift: 3
Compressed class space size: 1073741824 Address: 0x0000000100000000

Heap:
 garbage-first heap   total 65536K, used 22528K [0x00000000fc000000, 0x0000000100000000)
  region size 1024K, 18 young (18432K), 0 survivors (0K)
 Metaspace       used 8291K, capacity 8473K, committed 8576K, reserved 1056768K
  class space    used 746K, capacity 821K, committed 896K, reserved 1048576K
Heap Regions: E=young(eden), S=young(survivor), O=old, HS=humongous(starts), HC=humongous(continues), CS=collection set, F=free, A=archive, TAMS=top-at-mark-start (previous, next)
|   0|0x00000000fc000000, 0x00000000fc100000, 0x00000000fc100000|100%|HS|  |TAMS 0x00000000fc000000, 0x00000000fc000000| Complete 
|   1|0x00000000fc100000, 0x00000000fc200000, 0x00000000fc200000|100%|HC|  |TAMS 0x00000000fc100000, 0x00000000fc100000| Complete 
|   2|0x00000000fc200000, 0x00000000fc300000, 0x00000000fc300000|100%|HC|  |TAMS 0x00000000fc200000, 0x00000000fc200000| Complete 
|   3|0x00000000fc300000, 0x00000000fc400000, 0x00000000fc400000|100%|HS|  |TAMS 0x00000000fc300000, 0x00000000fc300000| Complete 
|   4|0x00000000fc400000, 0x00000000fc500000, 0x00000000fc500000|100%|HC|  |TAMS 0x00000000fc400000, 0x00000000fc400000| Complete 
|   5|0x00000000fc500000, 0x00000000fc600000, 0x00000000fc600000|100%|HC|  |TAMS 0x00000000fc500000, 0x00000000fc500000| Complete 
|   6|0x00000000fc600000, 0x00000000fc600000, 0x00000000fc700000|  0%| F|  |TAMS 0x00000000fc600000, 0x00000000fc600000| Untracked 
|   7|0x00000000fc700000, 0x00000000fc700000, 0x00000000fc800000|  0%| F|  |TAMS 0x00000000fc700000, 0x00000000fc700000| Untracked 
|   8|0x00000000fc800000, 0x00000000fc800000, 0x00000000fc900000|  0%| F|  |TAMS 0x00000000fc800000, 0x00000000fc800000| Untracked 
|   9|0x00000000fc900000, 0x00000000fc900000, 0x00000000fca00000|  0%| F|  |TAMS 0x00000000fc900000, 0x00000000fc900000| Untracked 
|  10|0x00000000fca00000, 0x00000000fca00000, 0x00000000fcb00000|  0%| F|  |TAMS 0x00000000fca00000, 0x00000000fca00000| Untracked 
|  11|0x00000000fcb00000, 0x00000000fcb00000, 0x00000000fcc00000|  0%| F|  |TAMS 0x00000000fcb00000, 0x00000000fcb00000| Untracked 
|  12|0x00000000fcc00000, 0x00000000fcc00000, 0x00000000fcd00000|  0%| F|  |TAMS 0x00000000fcc00000, 0x00000000fcc00000| Untracked 
|  13|0x00000000fcd00000, 0x00000000fcd00000, 0x00000000fce00000|  0%| F|  |TAMS 0x00000000fcd00000, 0x00000000fcd00000| Untracked 
|  14|0x00000000fce00000, 0x00000000fce00000, 0x00000000fcf00000|  0%| F|  |TAMS 0x00000000fce00000, 0x00000000fce00000| Untracked 
|  15|0x00000000fcf00000, 0x00000000fcf00000, 0x00000000fd000000|  0%| F|  |TAMS 0x00000000fcf00000, 0x00000000fcf00000| Untracked 
|  16|0x00000000fd000000, 0x00000000fd000000, 0x00000000fd100000|  0%| F|  |TAMS 0x00000000fd000000, 0x00000000fd000000| Untracked 
|  17|0x00000000fd100000, 0x00000000fd100000, 0x00000000fd200000|  0%| F|  |TAMS 0x00000000fd100000, 0x00000000fd100000| Untracked 
|  18|0x00000000fd200000, 0x00000000fd200000, 0x00000000fd300000|  0%| F|  |TAMS 0x00000000fd200000, 0x00000000fd200000| Untracked 
|  19|0x00000000fd300000, 0x00000000fd300000, 0x00000000fd400000|  0%| F|  |TAMS 0x00000000fd300000, 0x00000000fd300000| Untracked 
|  20|0x00000000fd400000, 0x00000000fd400000, 0x00000000fd500000|  0%| F|  |TAMS 0x00000000fd400000, 0x00000000fd400000| Untracked 
|  21|0x00000000fd500000, 0x00000000fd500000, 0x00000000fd600000|  0%| F|  |TAMS 0x00000000fd500000, 0x00000000fd500000| Untracked 
|  22|0x00000000fd600000, 0x00000000fd600000, 0x00000000fd700000|  0%| F|  |TAMS 0x00000000fd600000, 0x00000000fd600000| Untracked 
|  23|0x00000000fd700000, 0x00000000fd700000, 0x00000000fd800000|  0%| F|  |TAMS 0x00000000fd700000, 0x00000000fd700000| Untracked 
|  24|0x00000000fd800000, 0x00000000fd800000, 0x00000000fd900000|  0%| F|  |TAMS 0x00000000fd800000, 0x00000000fd800000| Untracked 
|  25|0x00000000fd900000, 0x00000000fd900000, 0x00000000fda00000|  0%| F|  |TAMS 0x00000000fd900000, 0x00000000fd900000| Untracked 
|  26|0x00000000fda00000, 0x00000000fda00000, 0x00000000fdb00000|  0%| F|  |TAMS 0x00000000fda00000, 0x00000000fda00000| Untracked 
|  27|0x00000000fdb00000, 0x00000000fdb00000, 0x00000000fdc00000|  0%| F|  |TAMS 0x00000000fdb00000, 0x00000000fdb00000| Untracked 
|  28|0x00000000fdc00000, 0x00000000fdc00000, 0x00000000fdd00000|  0%| F|  |TAMS 0x00000000fdc00000, 0x00000000fdc00000| Untracked 
|  29|0x00000000fdd00000, 0x00000000fdd00000, 0x00000000fde00000|  0%| F|  |TAMS 0x00000000fdd00000, 0x00000000fdd00000| Untracked 
|  30|0x00000000fde00000, 0x00000000fde00000, 0x00000000fdf00000|  0%| F|  |TAMS 0x00000000fde00000, 0x00000000fde00000| Untracked 
|  31|0x00000000fdf00000, 0x00000000fdf00000, 0x00000000fe000000|  0%| F|  |TAMS 0x00000000fdf00000, 0x00000000fdf00000| Untracked 
|  32|0x00000000fe000000, 0x00000000fe000000, 0x00000000fe100000|  0%| F|  |TAMS 0x00000000fe000000, 0x00000000fe000000| Untracked 
|  33|0x00000000fe100000, 0x00000000fe100000, 0x00000000fe200000|  0%| F|  |TAMS 0x00000000fe100000, 0x00000000fe100000| Untracked 
|  34|0x00000000fe200000, 0x00000000fe200000, 0x00000000fe300000|  0%| F|  |TAMS 0x00000000fe200000, 0x00000000fe200000| Untracked 
|  35|0x00000000fe300000, 0x00000000fe300000, 0x00000000fe400000|  0%| F|  |TAMS 0x00000000fe300000, 0x00000000fe300000| Untracked 
|  36|0x00000000fe400000, 0x00000000fe400000, 0x00000000fe500000|  0%| F|  |TAMS 0x00000000fe400000, 0x00000000fe400000| Untracked 
|  37|0x00000000fe500000, 0x00000000fe500000, 0x00000000fe600000|  0%| F|  |TAMS 0x00000000fe500000, 0x00000000fe500000| Untracked 
|  38|0x00000000fe600000, 0x00000000fe600000, 0x00000000fe700000|  0%| F|  |TAMS 0x00000000fe600000, 0x00000000fe600000| Untracked 
|  39|0x00000000fe700000, 0x00000000fe700000, 0x00000000fe800000|  0%| F|  |TAMS 0x00000000fe700000, 0x00000000fe700000| Untracked 
|  40|0x00000000fe800000, 0x00000000fe800000, 0x00000000fe900000|  0%| F|  |TAMS 0x00000000fe800000, 0x00000000fe800000| Untracked 
|  41|0x00000000fe900000, 0x00000000fe900000, 0x00000000fea00000|  0%| F|  |TAMS 0x00000000fe900000, 0x00000000fe900000| Untracked 
|  42|0x00000000fea00000, 0x00000000fea00000, 0x00000000feb00000|  0%| F|  |TAMS 0x00000000fea00000, 0x00000000fea00000| Untracked 
|  43|0x00000000feb00000, 0x00000000feb00000, 0x00000000fec00000|  0%| F|  |TAMS 0x00000000feb00000, 0x00000000feb00000| Untracked 
|  44|0x00000000fec00000, 0x00000000fec00000, 0x00000000fed00000|  0%| F|  |TAMS 0x00000000fec00000, 0x00000000fec00000| Untracked 
|  45|0x00000000fed00000, 0x00000000fed00000, 0x00000000fee00000|  0%| F|  |TAMS 0x00000000fed00000, 0x00000000fed00000| Untracked 
|  46|0x00000000fee00000, 0x00000000feef8090, 0x00000000fef00000| 96%| E|  |TAMS 0x00000000fee00000, 0x00000000fee00000| Complete 
|  47|0x00000000fef00000, 0x00000000ff000000, 0x00000000ff000000|100%| E|CS|TAMS 0x00000000fef00000, 0x00000000fef00000| Complete 
|  48|0x00000000ff000000, 0x00000000ff100000, 0x00000000ff100000|100%| E|CS|TAMS 0x00000000ff000000, 0x00000000ff000000| Complete 
|  49|0x00000000ff100000, 0x00000000ff200000, 0x00000000ff200000|100%| E|  |TAMS 0x00000000ff100000, 0x00000000ff100000| Complete 
|  50|0x00000000ff200000, 0x00000000ff300000, 0x00000000ff300000|100%| E|CS|TAMS 0x00000000ff200000, 0x00000000ff200000| Complete 
|  51|0x00000000ff300000, 0x00000000ff400000, 0x00000000ff400000|100%| E|CS|TAMS 0x00000000ff300000, 0x00000000ff300000| Complete 
|  52|0x00000000ff400000, 0x00000000ff500000, 0x00000000ff500000|100%| E|CS|TAMS 0x00000000ff400000, 0x00000000ff400000| Complete 
|  53|0x00000000ff500000, 0x00000000ff600000, 0x00000000ff600000|100%| E|CS|TAMS 0x00000000ff500000, 0x00000000ff500000| Complete 
|  54|0x00000000ff600000, 0x00000000ff700000, 0x00000000ff700000|100%| E|CS|TAMS 0x00000000ff600000, 0x00000000ff600000| Complete 
|  55|0x00000000ff700000, 0x00000000ff800000, 0x00000000ff800000|100%| E|CS|TAMS 0x00000000ff700000, 0x00000000ff700000| Complete 
|  56|0x00000000ff800000, 0x00000000ff900000, 0x00000000ff900000|100%| E|CS|TAMS 0x00000000ff800000, 0x00000000ff800000| Complete 
|  57|0x00000000ff900000, 0x00000000ffa00000, 0x00000000ffa00000|100%| E|CS|TAMS 0x00000000ff900000, 0x00000000ff900000| Complete 
|  58|0x00000000ffa00000, 0x00000000ffb00000, 0x00000000ffb00000|100%| E|CS|TAMS 0x00000000ffa00000, 0x00000000ffa00000| Complete 
|  59|0x00000000ffb00000, 0x00000000ffc00000, 0x00000000ffc00000|100%| E|CS|TAMS 0x00000000ffb00000, 0x00000000ffb00000| Complete 
|  60|0x00000000ffc00000, 0x00000000ffd00000, 0x00000000ffd00000|100%| E|CS|TAMS 0x00000000ffc00000, 0x00000000ffc00000| Complete 
|  61|0x00000000ffd00000, 0x00000000ffe00000, 0x00000000ffe00000|100%| E|CS|TAMS 0x00000000ffd00000, 0x00000000ffd00000| Complete 
|  62|0x00000000ffe00000, 0x00000000fff00000, 0x00000000fff00000|100%| E|CS|TAMS 0x00000000ffe00000, 0x00000000ffe00000| Complete 
|  63|0x00000000fff00000, 0x0000000100000000, 0x0000000100000000|100%| E|CS|TAMS 0x00000000fff00000, 0x00000000fff00000| Complete 

Card table byte_map: [0x0000024cb9ff0000,0x0000024cba010000] _byte_map_base: 0x0000024cb9810000

Marking Bits (Prev, Next): (CMBitMap*) 0x0000024cba0cd178, (CMBitMap*) 0x0000024cba0cd1b0
 Prev Bits: [0x0000024cd1b40000, 0x0000024cd1c40000)
 Next Bits: [0x0000024cd1c40000, 0x0000024cd1d40000)

Polling page: 0x0000024cb80b0000

Metaspace:

Usage:
  Non-class:      7.47 MB capacity,     7.37 MB ( 99%) used,   100.58 KB (  1%) free+waste,     6.69 KB ( <1%) overhead. 
      Class:    821.00 KB capacity,   746.93 KB ( 91%) used,    70.95 KB (  9%) free+waste,     3.13 KB ( <1%) overhead. 
       Both:      8.27 MB capacity,     8.10 MB ( 98%) used,   171.52 KB (  2%) free+waste,     9.81 KB ( <1%) overhead. 

Virtual space:
  Non-class space:        8.00 MB reserved,       7.50 MB ( 94%) committed 
      Class space:        1.00 GB reserved,     896.00 KB ( <1%) committed 
             Both:        1.01 GB reserved,       8.38 MB ( <1%) committed 

Chunk freelists:
   Non-Class:  28.00 KB
       Class:  11.00 KB
        Both:  39.00 KB

MaxMetaspaceSize: 17179869184.00 GB
CompressedClassSpaceSize: 1.00 GB
Initial GC threshold: 20.80 MB
Current GC threshold: 20.80 MB
CDS: off

CodeHeap 'non-profiled nmethods': size=120000Kb used=217Kb max_used=217Kb free=119782Kb
 bounds [0x0000024cca2e0000, 0x0000024cca550000, 0x0000024cd1810000]
CodeHeap 'profiled nmethods': size=120000Kb used=1284Kb max_used=1284Kb free=118716Kb
 bounds [0x0000024cc2db0000, 0x0000024cc3020000, 0x0000024cca2e0000]
CodeHeap 'non-nmethods': size=5760Kb used=1121Kb max_used=1132Kb free=4638Kb
 bounds [0x0000024cc2810000, 0x0000024cc2a80000, 0x0000024cc2db0000]
 total_blobs=1038 nmethods=680 adapters=271
 compilation: enabled
              stopped_count=0, restarted_count=0
 full_count=0

Compilation events (20 events):
Event: 0.738 Thread 0x0000024cd4faa800 nmethod 640 0x0000024cc2ed6010 code [0x0000024cc2ed64c0, 0x0000024cc2ed8478]
Event: 0.738 Thread 0x0000024cd4fa0800  641       4       java.lang.StringBuilder::append (8 bytes)
Event: 0.739 Thread 0x0000024cd4faa800  642       3       sun.net.www.protocol.jar.Handler::checkNestedProtocol (18 bytes)
Event: 0.739 Thread 0x0000024cd4faa800 nmethod 642 0x0000024cc2ed8e10 code [0x0000024cc2ed8fe0, 0x0000024cc2ed91a8]
Event: 0.741 Thread 0x0000024cd4faa800  643       3       java.lang.Class::getComponentType (14 bytes)
Event: 0.741 Thread 0x0000024cd4faa800 nmethod 643 0x0000024cc2ed9290 code [0x0000024cc2ed9440, 0x0000024cc2ed95c8]
Event: 0.744 Thread 0x0000024cd4faa800  644       3       jdk.internal.loader.FileURLMapper::getPath (141 bytes)
Event: 0.745 Thread 0x0000024cd4fa0800 nmethod 641 0x0000024cca313d10 code [0x0000024cca313ec0, 0x0000024cca314468]
Event: 0.745 Thread 0x0000024cd4fa0800  645       4       java.lang.String::getBytes (44 bytes)
Event: 0.746 Thread 0x0000024cd4faa800 nmethod 644 0x0000024cc2ed9690 code [0x0000024cc2ed9a00, 0x0000024cc2edabb8]
Event: 0.746 Thread 0x0000024cd4fa0800 nmethod 645 0x0000024cca314810 code [0x0000024cca3149a0, 0x0000024cca314ab8]
Event: 0.759 Thread 0x0000024cd4faa800  646       3       java.lang.String::concat (115 bytes)
Event: 0.759 Thread 0x0000024cd4faa800 nmethod 646 0x0000024cc2edb210 code [0x0000024cc2edb4a0, 0x0000024cc2edc128]
Event: 0.759 Thread 0x0000024cd4faa800  647       3       jdk.internal.util.jar.JarIndex::get (49 bytes)
Event: 0.760 Thread 0x0000024cd4faa800 nmethod 647 0x0000024cc2edc590 code [0x0000024cc2edc7e0, 0x0000024cc2edd088]
Event: 0.763 Thread 0x0000024cd4faa800  648       3       java.util.concurrent.ConcurrentHashMap$Node::<init> (14 bytes)
Event: 0.763 Thread 0x0000024cd4faa800 nmethod 648 0x0000024cc2edd390 code [0x0000024cc2edd560, 0x0000024cc2edd838]
Event: 0.764 Thread 0x0000024cd4fa0800  649       4       java.util.zip.ZipFile$Source::getEntryPos (206 bytes)
Event: 0.766 Thread 0x0000024cd4faa800  650       3       jdk.internal.loader.URLClassPath::getResource (74 bytes)
Event: 0.766 Thread 0x0000024cd4faa800 nmethod 650 0x0000024cc2edd910 code [0x0000024cc2eddae0, 0x0000024cc2edde18]

GC Heap History (0 events):
No events

Deoptimization events (20 events):
Event: 0.593 Thread 0x0000024cba0b0000 Uncommon trap: trap_request=0xffffffde fr.pc=0x0000024cca307b48 relative=0x0000000000000ea8
Event: 0.593 Thread 0x0000024cba0b0000 Uncommon trap: reason=class_check action=maybe_recompile pc=0x0000024cca307b48 method=java.util.HashMap.putVal(ILjava/lang/Object;Ljava/lang/Object;ZZ)Ljava/lang/Object; @ 91 c2
Event: 0.593 Thread 0x0000024cba0b0000 DEOPT PACKING pc=0x0000024cca307b48 sp=0x000000b4dadfa360
Event: 0.593 Thread 0x0000024cba0b0000 DEOPT UNPACKING pc=0x0000024cc28185af sp=0x000000b4dadfa2f0 mode 2
Event: 0.610 Thread 0x0000024cba0b0000 Uncommon trap: trap_request=0xffffffde fr.pc=0x0000024cca307b48 relative=0x0000000000000ea8
Event: 0.610 Thread 0x0000024cba0b0000 Uncommon trap: reason=class_check action=maybe_recompile pc=0x0000024cca307b48 method=java.util.HashMap.putVal(ILjava/lang/Object;Ljava/lang/Object;ZZ)Ljava/lang/Object; @ 91 c2
Event: 0.610 Thread 0x0000024cba0b0000 DEOPT PACKING pc=0x0000024cca307b48 sp=0x000000b4dadfa2c0
Event: 0.610 Thread 0x0000024cba0b0000 DEOPT UNPACKING pc=0x0000024cc28185af sp=0x000000b4dadfa250 mode 2
Event: 0.612 Thread 0x0000024cba0b0000 Uncommon trap: trap_request=0xffffffde fr.pc=0x0000024cca307bfc relative=0x0000000000000f5c
Event: 0.612 Thread 0x0000024cba0b0000 Uncommon trap: reason=class_check action=maybe_recompile pc=0x0000024cca307bfc method=java.util.HashMap.putVal(ILjava/lang/Object;Ljava/lang/Object;ZZ)Ljava/lang/Object; @ 203 c2
Event: 0.612 Thread 0x0000024cba0b0000 DEOPT PACKING pc=0x0000024cca307bfc sp=0x000000b4dadfa2c0
Event: 0.612 Thread 0x0000024cba0b0000 DEOPT UNPACKING pc=0x0000024cc28185af sp=0x000000b4dadfa250 mode 2
Event: 0.641 Thread 0x0000024cba0b0000 DEOPT PACKING pc=0x0000024cc2e97822 sp=0x000000b4dadfa1d0
Event: 0.641 Thread 0x0000024cba0b0000 DEOPT UNPACKING pc=0x0000024cc2859d0e sp=0x000000b4dadf9638 mode 0
Event: 0.666 Thread 0x0000024cba0b0000 Uncommon trap: trap_request=0xffffffde fr.pc=0x0000024cca307b48 relative=0x0000000000000ea8
Event: 0.666 Thread 0x0000024cba0b0000 Uncommon trap: reason=class_check action=maybe_recompile pc=0x0000024cca307b48 method=java.util.HashMap.putVal(ILjava/lang/Object;Ljava/lang/Object;ZZ)Ljava/lang/Object; @ 91 c2
Event: 0.666 Thread 0x0000024cba0b0000 DEOPT PACKING pc=0x0000024cca307b48 sp=0x000000b4dadfacc0
Event: 0.666 Thread 0x0000024cba0b0000 DEOPT UNPACKING pc=0x0000024cc28185af sp=0x000000b4dadfac50 mode 2
Event: 0.730 Thread 0x0000024cba0b0000 DEOPT PACKING pc=0x0000024cc2e04be8 sp=0x000000b4dadf7570
Event: 0.730 Thread 0x0000024cba0b0000 DEOPT UNPACKING pc=0x0000024cc2859d0e sp=0x000000b4dadf6a40 mode 0

Classes redefined (0 events):
No events

Internal exceptions (3 events):
Event: 0.271 Thread 0x0000024cba0b0000 Exception <a 'java/lang/NoSuchMethodError'{0x00000000ffc61ed8}: 'int java.lang.invoke.DirectMethodHandle$Holder.invokeStaticInit(java.lang.Object, java.lang.Object)'> (0x00000000ffc61ed8) thrown at [./src/hotspot/share/interpreter/linkResolver.cpp, line 773]
Event: 0.322 Thread 0x0000024cba0b0000 Exception <a 'java/lang/NoSuchMethodError'{0x00000000ffb28448}: 'int java.lang.invoke.DirectMethodHandle$Holder.invokeSpecial(java.lang.Object, java.lang.Object, java.lang.Object, java.lang.Object)'> (0x00000000ffb28448) thrown at [./src/hotspot/share/interpreter/linkResolver.cpp, line 773]
Event: 0.330 Thread 0x0000024cba0b0000 Exception <a 'java/lang/NoSuchMethodError'{0x00000000ffb5eb88}: 'int java.lang.invoke.DirectMethodHandle$Holder.invokeSpecialIFC(java.lang.Object, java.lang.Object, int)'> (0x00000000ffb5eb88) thrown at [./src/hotspot/share/interpreter/linkResolver.cpp, line 773]

Events (20 events):
Event: 0.761 loading class org/gradle/internal/time/Time
Event: 0.761 loading class org/gradle/internal/time/Time done
Event: 0.761 loading class org/gradle/internal/time/Clock
Event: 0.761 loading class org/gradle/internal/time/Clock done
Event: 0.762 loading class org/gradle/internal/time/Timer
Event: 0.762 loading class org/gradle/internal/time/Timer done
Event: 0.762 loading class org/gradle/internal/time/CountdownTimer
Event: 0.762 loading class org/gradle/internal/time/CountdownTimer done
Event: 0.762 loading class org/gradle/internal/time/MonotonicClock
Event: 0.762 loading class org/gradle/internal/time/MonotonicClock done
Event: 0.763 loading class org/gradle/internal/time/TimeSource
Event: 0.763 loading class org/gradle/internal/time/TimeSource done
Event: 0.763 loading class org/gradle/internal/time/TimeSource$1
Event: 0.763 loading class org/gradle/internal/time/TimeSource$1 done
Event: 0.763 loading class org/gradle/internal/logging/slf4j/OutputEventListenerBackedLoggerContext$NoOpLogger
Event: 0.763 loading class org/gradle/internal/logging/slf4j/OutputEventListenerBackedLoggerContext$NoOpLogger done
Event: 0.764 loading class org/gradle/api/logging/Logger
Event: 0.764 loading class org/gradle/api/logging/Logger done
Event: 0.765 loading class org/gradle/internal/logging/sink/OutputEventRenderer
Event: 0.765 loading class org/gradle/internal/logging/sink/OutputEventRenderer done


Dynamic libraries:
0x00007ff6386a0000 - 0x00007ff6386ad000 	C:\Program Files\OpenJDK\openjdk-11.0.15_10\bin\java.exe
0x00007ffb2db40000 - 0x00007ffb2dd49000 	C:\WINDOWS\SYSTEM32\ntdll.dll
0x00007ffb2c260000 - 0x00007ffb2c31d000 	C:\WINDOWS\System32\KERNEL32.DLL
0x00007ffb2b3b0000 - 0x00007ffb2b724000 	C:\WINDOWS\System32\KERNELBASE.dll
0x00007ffb2b290000 - 0x00007ffb2b3a1000 	C:\WINDOWS\System32\ucrtbase.dll
0x00007ffb1a0a0000 - 0x00007ffb1a0b6000 	C:\Program Files\OpenJDK\openjdk-11.0.15_10\bin\VCRUNTIME140.dll
0x00007ffb19ad0000 - 0x00007ffb19ae8000 	C:\Program Files\OpenJDK\openjdk-11.0.15_10\bin\jli.dll
0x00007ffb2cb60000 - 0x00007ffb2cd0c000 	C:\WINDOWS\System32\USER32.dll
0x00007ffb09a50000 - 0x00007ffb09cf5000 	C:\WINDOWS\WinSxS\amd64_microsoft.windows.common-controls_6595b64144ccf1df_6.0.22000.120_none_9d947278b86cc467\COMCTL32.dll
0x00007ffb2b150000 - 0x00007ffb2b176000 	C:\WINDOWS\System32\win32u.dll
0x00007ffb2ba50000 - 0x00007ffb2baf3000 	C:\WINDOWS\System32\msvcrt.dll
0x00007ffb2d0e0000 - 0x00007ffb2d109000 	C:\WINDOWS\System32\GDI32.dll
0x00007ffb2b030000 - 0x00007ffb2b142000 	C:\WINDOWS\System32\gdi32full.dll
0x00007ffb2b180000 - 0x00007ffb2b21d000 	C:\WINDOWS\System32\msvcp_win.dll
0x00007ffb2bb00000 - 0x00007ffb2bb31000 	C:\WINDOWS\System32\IMM32.DLL
0x00007ffacbad0000 - 0x00007ffacbb7a000 	C:\Program Files\OpenJDK\openjdk-11.0.15_10\bin\msvcp140.dll
0x00007ffa94fd0000 - 0x00007ffa95b21000 	C:\Program Files\OpenJDK\openjdk-11.0.15_10\bin\server\jvm.dll
0x00007ffb2d8c0000 - 0x00007ffb2d96e000 	C:\WINDOWS\System32\ADVAPI32.dll
0x00007ffb2d970000 - 0x00007ffb2da0e000 	C:\WINDOWS\System32\sechost.dll
0x00007ffb2cf30000 - 0x00007ffb2d050000 	C:\WINDOWS\System32\RPCRT4.dll
0x00007ffb2ceb0000 - 0x00007ffb2ceb8000 	C:\WINDOWS\System32\PSAPI.DLL
0x00007ffb07c30000 - 0x00007ffb07c39000 	C:\WINDOWS\SYSTEM32\WSOCK32.dll
0x00007ffb249e0000 - 0x00007ffb24a13000 	C:\WINDOWS\SYSTEM32\WINMM.dll
0x00007ffb2cec0000 - 0x00007ffb2cf2f000 	C:\WINDOWS\System32\WS2_32.dll
0x00007ffb1cf20000 - 0x00007ffb1cf2a000 	C:\WINDOWS\SYSTEM32\VERSION.dll
0x00007ffb2a220000 - 0x00007ffb2a238000 	C:\WINDOWS\SYSTEM32\kernel.appcore.dll
0x00007ffb19ab0000 - 0x00007ffb19ac1000 	C:\Program Files\OpenJDK\openjdk-11.0.15_10\bin\verify.dll
0x00007ffb28730000 - 0x00007ffb28951000 	C:\WINDOWS\SYSTEM32\DBGHELP.DLL
0x00007ffb0ce40000 - 0x00007ffb0ce71000 	C:\WINDOWS\SYSTEM32\dbgcore.DLL
0x00007ffb2b730000 - 0x00007ffb2b7af000 	C:\WINDOWS\System32\bcryptPrimitives.dll
0x00007ffb17f20000 - 0x00007ffb17f49000 	C:\Program Files\OpenJDK\openjdk-11.0.15_10\bin\java.dll
0x00007ffb19aa0000 - 0x00007ffb19aaa000 	C:\Program Files\OpenJDK\openjdk-11.0.15_10\bin\jimage.dll
0x00007ffb18d20000 - 0x00007ffb18d38000 	C:\Program Files\OpenJDK\openjdk-11.0.15_10\bin\zip.dll
0x00007ffb2d110000 - 0x00007ffb2d8be000 	C:\WINDOWS\System32\SHELL32.dll
0x00007ffb291a0000 - 0x00007ffb29a07000 	C:\WINDOWS\SYSTEM32\windows.storage.dll
0x00007ffb2c490000 - 0x00007ffb2c808000 	C:\WINDOWS\System32\combase.dll
0x00007ffb29030000 - 0x00007ffb29196000 	C:\WINDOWS\SYSTEM32\wintypes.dll
0x00007ffb2da10000 - 0x00007ffb2dafa000 	C:\WINDOWS\System32\SHCORE.dll
0x00007ffb2c060000 - 0x00007ffb2c0bd000 	C:\WINDOWS\System32\shlwapi.dll
0x00007ffb2af60000 - 0x00007ffb2af81000 	C:\WINDOWS\SYSTEM32\profapi.dll
0x00007ffb15d20000 - 0x00007ffb15d39000 	C:\Program Files\OpenJDK\openjdk-11.0.15_10\bin\net.dll
0x00007ffb25980000 - 0x00007ffb25a8c000 	C:\WINDOWS\SYSTEM32\WINHTTP.dll
0x00007ffb2a650000 - 0x00007ffb2a6b7000 	C:\WINDOWS\system32\mswsock.dll
0x00007ffb13f50000 - 0x00007ffb13f63000 	C:\Program Files\OpenJDK\openjdk-11.0.15_10\bin\nio.dll

dbghelp: loaded successfully - version: 4.0.5 - missing functions: none
symbol engine: initialized successfully - sym options: 0x614 - pdb path: .;C:\Program Files\OpenJDK\openjdk-11.0.15_10\bin;C:\WINDOWS\SYSTEM32;C:\WINDOWS\WinSxS\amd64_microsoft.windows.common-controls_6595b64144ccf1df_6.0.22000.120_none_9d947278b86cc467;C:\Program Files\OpenJDK\openjdk-11.0.15_10\bin\server

VM Arguments:
jvm_args: -Xmx64m -Xms64m -Dorg.gradle.appname=gradlew 
java_command: org.gradle.wrapper.GradleWrapperMain app:installDebug -PreactNativeDevServerPort=8081
java_class_path (initial): D:\Doc\Nam-5-hk1-22-23\TN418-LuanVan\reipa_project\android\\gradle\wrapper\gradle-wrapper.jar
Launcher Type: SUN_STANDARD

[Global flags]
     intx CICompilerCount                          = 4                                         {product} {ergonomic}
     uint ConcGCThreads                            = 2                                         {product} {ergonomic}
     uint G1ConcRefinementThreads                  = 8                                         {product} {ergonomic}
   size_t G1HeapRegionSize                         = 1048576                                   {product} {ergonomic}
    uintx GCDrainStackTargetSize                   = 64                                        {product} {ergonomic}
   size_t InitialHeapSize                          = 67108864                                  {product} {command line}
   size_t MarkStackSize                            = 4194304                                   {product} {ergonomic}
   size_t MaxHeapSize                              = 67108864                                  {product} {command line}
   size_t MaxNewSize                               = 39845888                                  {product} {ergonomic}
   size_t MinHeapDeltaBytes                        = 1048576                                   {product} {ergonomic}
    uintx NonNMethodCodeHeapSize                   = 5836300                                {pd product} {ergonomic}
    uintx NonProfiledCodeHeapSize                  = 122910970                              {pd product} {ergonomic}
    uintx ProfiledCodeHeapSize                     = 122910970                              {pd product} {ergonomic}
    uintx ReservedCodeCacheSize                    = 251658240                              {pd product} {ergonomic}
     bool SegmentedCodeCache                       = true                                      {product} {ergonomic}
     bool UseCompressedClassPointers               = true                                 {lp64_product} {ergonomic}
     bool UseCompressedOops                        = true                                 {lp64_product} {ergonomic}
     bool UseG1GC                                  = true                                      {product} {ergonomic}
     bool UseLargePagesIndividualAllocation        = false                                  {pd product} {ergonomic}

Logging:
Log output configuration:
 #0: stdout all=warning uptime,level,tags
 #1: stderr all=off uptime,level,tags

Environment Variables:
JAVA_HOME=C:\Program Files\OpenJDK\openjdk-11.0.15_10
CLASSPATH=D:\Doc\Nam-5-hk1-22-23\TN418-LuanVan\reipa_project\android\\gradle\wrapper\gradle-wrapper.jar
PATH=D:\Doc\Nam-5-hk1-22-23\TN418-LuanVan\reipa_project\android\node_modules\.bin;D:\Doc\Nam-5-hk1-22-23\TN418-LuanVan\reipa_project\node_modules\.bin;D:\Doc\Nam-5-hk1-22-23\TN418-LuanVan\node_modules\.bin;D:\Doc\Nam-5-hk1-22-23\node_modules\.bin;D:\Doc\node_modules\.bin;D:\node_modules\.bin;C:\Program Files\nodejs;D:\Doc\Nam-5-hk1-22-23\TN418-LuanVan\reipa_project\node_modules\.bin;C:\Program Files\Python39\Scripts\;C:\Program Files\Python39\;C:\Program Files\Common Files\Oracle\Java\javapath;C:\Program Files (x86)\Common Files\Oracle\Java\javapath;C:\WINDOWS\system32;C:\WINDOWS;C:\WINDOWS\System32\Wbem;C:\WINDOWS\System32\WindowsPowerShell\v1.0\;C:\WINDOWS\System32\OpenSSH\;C:\ProgramData\chocolatey\bin;C:\Program Files\OpenJDK\openjdk-8u312-b07\bin;%ANDROID_HOME%;C:\Program Files (x86)\Yarn\bin\;C:\Program Files\Microsoft\Web Platform Installer\;C:\Program Files (x86)\Microsoft ASP.NET\ASP.NET Web Pages\v1.0\;C:\Program Files\Microsoft SQL Server\110\Tools\Binn\;D:\SETUP\Git\Git\cmd;C:\Program Files\dotnet\;C:\Program Files\Microsoft SQL Server\130\Tools\Binn\;D:\SETUP\AndroidStudio\Android\sdk\tools;D:\SETUP\AndroidStudio\Android\sdk\platform-tools;C:\Program Files\OpenJDK\openjdk-11.0.15_10\bin;D:\SETUP\TortoiseGit\bin;C:\Program Files\MySQL\MySQL Server 8.0\bin;%NVM_HOME%;%NVM_SYMLINK%;C:\Program Files\MySQL\MySQL Shell 8.0\bin\;C:\Users\Dell\AppData\Local\Microsoft\WindowsApps;D:\SETUP\VSCode\Microsoft VS Code\bin;C:\Users\Dell\AppData\Local\Yarn\bin;C:\Users\Dell\.dotnet\tools;C:\Users\Dell\AppData\Roaming\npm;C:\Users\Dell\AppData\Roaming\nvm;C:\Program Files\nodejs
USERNAME=Dell
OS=Windows_NT
PROCESSOR_IDENTIFIER=Intel64 Family 6 Model 140 Stepping 1, GenuineIntel



---------------  S Y S T E M  ---------------

OS: Windows 11 , 64 bit Build 22000 (10.0.22000.434)
OS uptime: 40 days 0:29 hours

CPU:total 8 (initial active 8) (4 cores per cpu, 2 threads per core) family 6 model 140 stepping 1 microcode 0x9a, cmov, cx8, fxsr, mmx, sse, sse2, sse3, ssse3, sse4.1, sse4.2, popcnt, avx, avx2, aes, clmul, erms, 3dnowpref, lzcnt, ht, tsc, tscinvbit, bmi1, bmi2, adx, evex, sha, fma

Memory: 4k page, system-wide physical 7934M (308M free)
TotalPageFile size 18174M (AvailPageFile size 0M)
current process WorkingSet (physical memory assigned to process): 66M, peak: 66M
current process commit charge ("private bytes"): 150M, peak: 150M

vm_info: OpenJDK 64-Bit Server VM (11.0.15+10) for windows-amd64 JRE (11.0.15+10), built on Apr 21 2022 21:29:46 by "tester" with MS VC++ 15.5 (VS2017)

END.
